{"E:\\courses\\andela challenge\\new\\Epic_Mail\\app.js":{"path":"E:\\courses\\andela challenge\\new\\Epic_Mail\\app.js","statementMap":{"0":{"start":{"line":3,"column":15},"end":{"line":3,"column":57}},"1":{"start":{"line":5,"column":18},"end":{"line":5,"column":64}},"2":{"start":{"line":7,"column":12},"end":{"line":7,"column":67}},"3":{"start":{"line":9,"column":16},"end":{"line":9,"column":75}},"4":{"start":{"line":11,"column":13},"end":{"line":11,"column":71}},"5":{"start":{"line":13,"column":17},"end":{"line":13,"column":85}},"6":{"start":{"line":15,"column":17},"end":{"line":15,"column":79}},"7":{"start":{"line":17,"column":39},"end":{"line":17,"column":93}},"8":{"start":{"line":19,"column":10},"end":{"line":19,"column":33}},"9":{"start":{"line":20,"column":11},"end":{"line":20,"column":35}},"10":{"start":{"line":21,"column":11},"end":{"line":38,"column":1}},"11":{"start":{"line":39,"column":0},"end":{"line":41,"column":4}},"12":{"start":{"line":42,"column":0},"end":{"line":42,"column":36}},"13":{"start":{"line":43,"column":9},"end":{"line":43,"column":18}},"14":{"start":{"line":44,"column":9},"end":{"line":44,"column":18}},"15":{"start":{"line":45,"column":0},"end":{"line":45,"column":47}},"16":{"start":{"line":46,"column":0},"end":{"line":46,"column":55}},"17":{"start":{"line":47,"column":0},"end":{"line":47,"column":48}},"18":{"start":{"line":48,"column":0},"end":{"line":48,"column":76}},"19":{"start":{"line":49,"column":0},"end":{"line":55,"column":3}},"20":{"start":{"line":50,"column":2},"end":{"line":54,"column":5}},"21":{"start":{"line":56,"column":0},"end":{"line":60,"column":3}},"22":{"start":{"line":57,"column":14},"end":{"line":57,"column":36}},"23":{"start":{"line":58,"column":2},"end":{"line":58,"column":21}},"24":{"start":{"line":59,"column":2},"end":{"line":59,"column":14}},"25":{"start":{"line":61,"column":0},"end":{"line":69,"column":3}},"26":{"start":{"line":62,"column":2},"end":{"line":62,"column":34}},"27":{"start":{"line":63,"column":2},"end":{"line":68,"column":5}},"28":{"start":{"line":70,"column":0},"end":{"line":70,"column":17}},"29":{"start":{"line":71,"column":0},"end":{"line":71,"column":21}}},"fnMap":{"0":{"name":"_interopRequireDefault","decl":{"start":{"line":17,"column":9},"end":{"line":17,"column":31}},"loc":{"start":{"line":17,"column":37},"end":{"line":17,"column":95}},"line":17},"1":{"name":"(anonymous_1)","decl":{"start":{"line":49,"column":13},"end":{"line":49,"column":14}},"loc":{"start":{"line":49,"column":39},"end":{"line":55,"column":1}},"line":49},"2":{"name":"(anonymous_2)","decl":{"start":{"line":56,"column":8},"end":{"line":56,"column":9}},"loc":{"start":{"line":56,"column":34},"end":{"line":60,"column":1}},"line":56},"3":{"name":"(anonymous_3)","decl":{"start":{"line":61,"column":8},"end":{"line":61,"column":9}},"loc":{"start":{"line":61,"column":41},"end":{"line":69,"column":1}},"line":61}},"branchMap":{"0":{"loc":{"start":{"line":17,"column":46},"end":{"line":17,"column":92}},"type":"cond-expr","locations":[{"start":{"line":17,"column":70},"end":{"line":17,"column":73}},{"start":{"line":17,"column":76},"end":{"line":17,"column":92}}],"line":17},"1":{"loc":{"start":{"line":17,"column":46},"end":{"line":17,"column":67}},"type":"binary-expr","locations":[{"start":{"line":17,"column":46},"end":{"line":17,"column":49}},{"start":{"line":17,"column":53},"end":{"line":17,"column":67}}],"line":17},"2":{"loc":{"start":{"line":20,"column":11},"end":{"line":20,"column":35}},"type":"binary-expr","locations":[{"start":{"line":20,"column":11},"end":{"line":20,"column":27}},{"start":{"line":20,"column":31},"end":{"line":20,"column":35}}],"line":20},"3":{"loc":{"start":{"line":62,"column":13},"end":{"line":62,"column":32}},"type":"binary-expr","locations":[{"start":{"line":62,"column":13},"end":{"line":62,"column":25}},{"start":{"line":62,"column":29},"end":{"line":62,"column":32}}],"line":62}},"s":{"0":1,"1":1,"2":1,"3":1,"4":1,"5":1,"6":1,"7":7,"8":1,"9":1,"10":1,"11":1,"12":1,"13":1,"14":1,"15":1,"16":1,"17":1,"18":1,"19":1,"20":1,"21":1,"22":0,"23":0,"24":0,"25":1,"26":3,"27":3,"28":1,"29":1},"f":{"0":7,"1":1,"2":0,"3":3},"b":{"0":[5,2],"1":[7,7],"2":[1,1],"3":[3,3]},"_coverageSchema":"43e27e138ebf9cfc5966b082cf9a028302ed4184","hash":"4d840971b00a4b7903bf692a89984fb78a9f7862","contentHash":"df72d0da675ae1cfc3a5976c7598e4de4236e1832cf4999240ff1e49c4ffa020"},"E:\\courses\\andela challenge\\new\\Epic_Mail\\server\\routes\\user.js":{"path":"E:\\courses\\andela challenge\\new\\Epic_Mail\\server\\routes\\user.js","statementMap":{"0":{"start":{"line":3,"column":0},"end":{"line":5,"column":3}},"1":{"start":{"line":6,"column":0},"end":{"line":6,"column":50}},"2":{"start":{"line":8,"column":15},"end":{"line":8,"column":57}},"3":{"start":{"line":10,"column":14},"end":{"line":10,"column":55}},"4":{"start":{"line":12,"column":20},"end":{"line":12,"column":67}},"5":{"start":{"line":14,"column":14},"end":{"line":14,"column":55}},"6":{"start":{"line":16,"column":17},"end":{"line":16,"column":76}},"7":{"start":{"line":18,"column":12},"end":{"line":18,"column":66}},"8":{"start":{"line":20,"column":17},"end":{"line":20,"column":75}},"9":{"start":{"line":22,"column":13},"end":{"line":22,"column":62}},"10":{"start":{"line":24,"column":39},"end":{"line":24,"column":93}},"11":{"start":{"line":26,"column":0},"end":{"line":26,"column":25}},"12":{"start":{"line":28,"column":17},"end":{"line":28,"column":42}},"13":{"start":{"line":30,"column":21},"end":{"line":30,"column":40}},"14":{"start":{"line":31,"column":0},"end":{"line":31,"column":40}},"15":{"start":{"line":32,"column":0},"end":{"line":36,"column":3}},"16":{"start":{"line":33,"column":2},"end":{"line":35,"column":5}},"17":{"start":{"line":37,"column":0},"end":{"line":79,"column":3}},"18":{"start":{"line":38,"column":14},"end":{"line":38,"column":28}},"19":{"start":{"line":40,"column":17},"end":{"line":40,"column":58}},"20":{"start":{"line":42,"column":2},"end":{"line":47,"column":3}},"21":{"start":{"line":43,"column":4},"end":{"line":46,"column":7}},"22":{"start":{"line":49,"column":2},"end":{"line":78,"column":5}},"23":{"start":{"line":50,"column":4},"end":{"line":77,"column":5}},"24":{"start":{"line":51,"column":6},"end":{"line":54,"column":9}},"25":{"start":{"line":56,"column":6},"end":{"line":76,"column":9}},"26":{"start":{"line":57,"column":8},"end":{"line":75,"column":9}},"27":{"start":{"line":58,"column":10},"end":{"line":61,"column":13}},"28":{"start":{"line":65,"column":10},"end":{"line":69,"column":11}},"29":{"start":{"line":66,"column":12},"end":{"line":66,"column":86}},"30":{"start":{"line":68,"column":12},"end":{"line":68,"column":19}},"31":{"start":{"line":71,"column":21},"end":{"line":71,"column":80}},"32":{"start":{"line":72,"column":10},"end":{"line":74,"column":13}},"33":{"start":{"line":73,"column":12},"end":{"line":73,"column":38}},"34":{"start":{"line":80,"column":0},"end":{"line":109,"column":3}},"35":{"start":{"line":81,"column":14},"end":{"line":81,"column":28}},"36":{"start":{"line":83,"column":17},"end":{"line":83,"column":58}},"37":{"start":{"line":85,"column":2},"end":{"line":90,"column":3}},"38":{"start":{"line":86,"column":4},"end":{"line":89,"column":7}},"39":{"start":{"line":92,"column":2},"end":{"line":108,"column":5}},"40":{"start":{"line":93,"column":4},"end":{"line":107,"column":5}},"41":{"start":{"line":94,"column":6},"end":{"line":104,"column":9}},"42":{"start":{"line":95,"column":8},"end":{"line":97,"column":9}},"43":{"start":{"line":96,"column":10},"end":{"line":96,"column":25}},"44":{"start":{"line":99,"column":8},"end":{"line":103,"column":9}},"45":{"start":{"line":100,"column":10},"end":{"line":100,"column":36}},"46":{"start":{"line":102,"column":10},"end":{"line":102,"column":25}},"47":{"start":{"line":106,"column":6},"end":{"line":106,"column":21}},"48":{"start":{"line":112,"column":14},"end":{"line":117,"column":4}},"49":{"start":{"line":119,"column":2},"end":{"line":124,"column":5}},"50":{"start":{"line":128,"column":2},"end":{"line":131,"column":5}},"51":{"start":{"line":134,"column":15},"end":{"line":134,"column":25}},"52":{"start":{"line":135,"column":0},"end":{"line":135,"column":27}}},"fnMap":{"0":{"name":"_interopRequireDefault","decl":{"start":{"line":24,"column":9},"end":{"line":24,"column":31}},"loc":{"start":{"line":24,"column":37},"end":{"line":24,"column":95}},"line":24},"1":{"name":"(anonymous_1)","decl":{"start":{"line":32,"column":40},"end":{"line":32,"column":41}},"loc":{"start":{"line":32,"column":66},"end":{"line":36,"column":1}},"line":32},"2":{"name":"(anonymous_2)","decl":{"start":{"line":37,"column":27},"end":{"line":37,"column":28}},"loc":{"start":{"line":37,"column":53},"end":{"line":79,"column":1}},"line":37},"3":{"name":"(anonymous_3)","decl":{"start":{"line":49,"column":42},"end":{"line":49,"column":43}},"loc":{"start":{"line":49,"column":60},"end":{"line":78,"column":3}},"line":49},"4":{"name":"(anonymous_4)","decl":{"start":{"line":56,"column":50},"end":{"line":56,"column":51}},"loc":{"start":{"line":56,"column":71},"end":{"line":76,"column":7}},"line":56},"5":{"name":"(anonymous_5)","decl":{"start":{"line":72,"column":41},"end":{"line":72,"column":42}},"loc":{"start":{"line":72,"column":59},"end":{"line":74,"column":11}},"line":72},"6":{"name":"(anonymous_6)","decl":{"start":{"line":80,"column":26},"end":{"line":80,"column":27}},"loc":{"start":{"line":80,"column":52},"end":{"line":109,"column":1}},"line":80},"7":{"name":"(anonymous_7)","decl":{"start":{"line":92,"column":42},"end":{"line":92,"column":43}},"loc":{"start":{"line":92,"column":58},"end":{"line":108,"column":3}},"line":92},"8":{"name":"(anonymous_8)","decl":{"start":{"line":94,"column":64},"end":{"line":94,"column":65}},"loc":{"start":{"line":94,"column":87},"end":{"line":104,"column":7}},"line":94},"9":{"name":"sendToken","decl":{"start":{"line":111,"column":9},"end":{"line":111,"column":18}},"loc":{"start":{"line":111,"column":38},"end":{"line":125,"column":1}},"line":111},"10":{"name":"authFails","decl":{"start":{"line":127,"column":9},"end":{"line":127,"column":18}},"loc":{"start":{"line":127,"column":24},"end":{"line":132,"column":1}},"line":127}},"branchMap":{"0":{"loc":{"start":{"line":24,"column":46},"end":{"line":24,"column":92}},"type":"cond-expr","locations":[{"start":{"line":24,"column":70},"end":{"line":24,"column":73}},{"start":{"line":24,"column":76},"end":{"line":24,"column":92}}],"line":24},"1":{"loc":{"start":{"line":24,"column":46},"end":{"line":24,"column":67}},"type":"binary-expr","locations":[{"start":{"line":24,"column":46},"end":{"line":24,"column":49}},{"start":{"line":24,"column":53},"end":{"line":24,"column":67}}],"line":24},"2":{"loc":{"start":{"line":42,"column":2},"end":{"line":47,"column":3}},"type":"if","locations":[{"start":{"line":42,"column":2},"end":{"line":47,"column":3}},{"start":{"line":42,"column":2},"end":{"line":47,"column":3}}],"line":42},"3":{"loc":{"start":{"line":50,"column":4},"end":{"line":77,"column":5}},"type":"if","locations":[{"start":{"line":50,"column":4},"end":{"line":77,"column":5}},{"start":{"line":50,"column":4},"end":{"line":77,"column":5}}],"line":50},"4":{"loc":{"start":{"line":57,"column":8},"end":{"line":75,"column":9}},"type":"if","locations":[{"start":{"line":57,"column":8},"end":{"line":75,"column":9}},{"start":{"line":57,"column":8},"end":{"line":75,"column":9}}],"line":57},"5":{"loc":{"start":{"line":65,"column":10},"end":{"line":69,"column":11}},"type":"if","locations":[{"start":{"line":65,"column":10},"end":{"line":69,"column":11}},{"start":{"line":65,"column":10},"end":{"line":69,"column":11}}],"line":65},"6":{"loc":{"start":{"line":85,"column":2},"end":{"line":90,"column":3}},"type":"if","locations":[{"start":{"line":85,"column":2},"end":{"line":90,"column":3}},{"start":{"line":85,"column":2},"end":{"line":90,"column":3}}],"line":85},"7":{"loc":{"start":{"line":93,"column":4},"end":{"line":107,"column":5}},"type":"if","locations":[{"start":{"line":93,"column":4},"end":{"line":107,"column":5}},{"start":{"line":93,"column":4},"end":{"line":107,"column":5}}],"line":93},"8":{"loc":{"start":{"line":95,"column":8},"end":{"line":97,"column":9}},"type":"if","locations":[{"start":{"line":95,"column":8},"end":{"line":97,"column":9}},{"start":{"line":95,"column":8},"end":{"line":97,"column":9}}],"line":95},"9":{"loc":{"start":{"line":99,"column":8},"end":{"line":103,"column":9}},"type":"if","locations":[{"start":{"line":99,"column":8},"end":{"line":103,"column":9}},{"start":{"line":99,"column":8},"end":{"line":103,"column":9}}],"line":99}},"s":{"0":1,"1":1,"2":1,"3":1,"4":1,"5":1,"6":1,"7":1,"8":1,"9":1,"10":8,"11":1,"12":1,"13":1,"14":1,"15":1,"16":0,"17":1,"18":5,"19":5,"20":5,"21":3,"22":2,"23":2,"24":1,"25":1,"26":1,"27":0,"28":1,"29":0,"30":1,"31":1,"32":1,"33":1,"34":1,"35":6,"36":6,"37":6,"38":2,"39":4,"40":4,"41":3,"42":3,"43":0,"44":3,"45":2,"46":1,"47":1,"48":3,"49":3,"50":2,"51":1,"52":1},"f":{"0":8,"1":0,"2":5,"3":2,"4":1,"5":1,"6":6,"7":4,"8":3,"9":3,"10":2},"b":{"0":[4,4],"1":[8,8],"2":[3,2],"3":[1,1],"4":[0,1],"5":[0,1],"6":[2,4],"7":[3,1],"8":[0,3],"9":[2,1]},"_coverageSchema":"43e27e138ebf9cfc5966b082cf9a028302ed4184","hash":"1d535d0e9c1ae096fd1e47b06ea8cc205983820f","contentHash":"3b3872e6bfdca846c0788be0ccb8dfb6b11f778f68717567e34a63d76357e705"},"E:\\courses\\andela challenge\\new\\Epic_Mail\\server\\middleware\\check-auth.js":{"path":"E:\\courses\\andela challenge\\new\\Epic_Mail\\server\\middleware\\check-auth.js","statementMap":{"0":{"start":{"line":3,"column":0},"end":{"line":5,"column":3}},"1":{"start":{"line":6,"column":0},"end":{"line":6,"column":40}},"2":{"start":{"line":8,"column":20},"end":{"line":8,"column":67}},"3":{"start":{"line":10,"column":39},"end":{"line":10,"column":93}},"4":{"start":{"line":13,"column":0},"end":{"line":13,"column":20}},"5":{"start":{"line":15,"column":15},"end":{"line":30,"column":1}},"6":{"start":{"line":16,"column":2},"end":{"line":29,"column":3}},"7":{"start":{"line":17,"column":16},"end":{"line":17,"column":55}},"8":{"start":{"line":19,"column":18},"end":{"line":19,"column":71}},"9":{"start":{"line":21,"column":4},"end":{"line":21,"column":27}},"10":{"start":{"line":22,"column":4},"end":{"line":22,"column":34}},"11":{"start":{"line":23,"column":4},"end":{"line":23,"column":11}},"12":{"start":{"line":25,"column":4},"end":{"line":28,"column":7}},"13":{"start":{"line":32,"column":0},"end":{"line":32,"column":27}}},"fnMap":{"0":{"name":"_interopRequireDefault","decl":{"start":{"line":10,"column":9},"end":{"line":10,"column":31}},"loc":{"start":{"line":10,"column":37},"end":{"line":10,"column":95}},"line":10},"1":{"name":"_default","decl":{"start":{"line":15,"column":24},"end":{"line":15,"column":32}},"loc":{"start":{"line":15,"column":49},"end":{"line":30,"column":1}},"line":15}},"branchMap":{"0":{"loc":{"start":{"line":10,"column":46},"end":{"line":10,"column":92}},"type":"cond-expr","locations":[{"start":{"line":10,"column":70},"end":{"line":10,"column":73}},{"start":{"line":10,"column":76},"end":{"line":10,"column":92}}],"line":10},"1":{"loc":{"start":{"line":10,"column":46},"end":{"line":10,"column":67}},"type":"binary-expr","locations":[{"start":{"line":10,"column":46},"end":{"line":10,"column":49}},{"start":{"line":10,"column":53},"end":{"line":10,"column":67}}],"line":10}},"s":{"0":1,"1":1,"2":1,"3":1,"4":1,"5":1,"6":19,"7":19,"8":13,"9":13,"10":13,"11":13,"12":6,"13":1},"f":{"0":1,"1":19},"b":{"0":[0,1],"1":[1,1]},"_coverageSchema":"43e27e138ebf9cfc5966b082cf9a028302ed4184","hash":"5227987cddc658ec3afeee983b8e25f6bc948d69","contentHash":"3ae9916bda53e960cbc240c66519a55e43669c08c0f7b54876d43f71dbff19a1"},"E:\\courses\\andela challenge\\new\\Epic_Mail\\server\\controllers\\user.js":{"path":"E:\\courses\\andela challenge\\new\\Epic_Mail\\server\\controllers\\user.js","statementMap":{"0":{"start":{"line":3,"column":0},"end":{"line":5,"column":3}},"1":{"start":{"line":6,"column":0},"end":{"line":6,"column":25}},"2":{"start":{"line":8,"column":77},"end":{"line":8,"column":175}},"3":{"start":{"line":8,"column":94},"end":{"line":8,"column":107}},"4":{"start":{"line":8,"column":121},"end":{"line":8,"column":131}},"5":{"start":{"line":8,"column":151},"end":{"line":8,"column":165}},"6":{"start":{"line":8,"column":166},"end":{"line":8,"column":173}},"7":{"start":{"line":8,"column":176},"end":{"line":8,"column":263}},"8":{"start":{"line":8,"column":193},"end":{"line":8,"column":208}},"9":{"start":{"line":8,"column":218},"end":{"line":8,"column":261}},"10":{"start":{"line":10,"column":33},"end":{"line":10,"column":387}},"11":{"start":{"line":10,"column":65},"end":{"line":10,"column":69}},"12":{"start":{"line":10,"column":78},"end":{"line":10,"column":87}},"13":{"start":{"line":10,"column":89},"end":{"line":10,"column":384}},"14":{"start":{"line":10,"column":147},"end":{"line":10,"column":167}},"15":{"start":{"line":10,"column":193},"end":{"line":10,"column":264}},"16":{"start":{"line":10,"column":290},"end":{"line":10,"column":360}},"17":{"start":{"line":10,"column":363},"end":{"line":10,"column":380}},"18":{"start":{"line":12,"column":50},"end":{"line":12,"column":151}},"19":{"start":{"line":12,"column":92},"end":{"line":12,"column":149}},"20":{"start":{"line":14,"column":44},"end":{"line":14,"column":315}},"21":{"start":{"line":14,"column":57},"end":{"line":14,"column":58}},"22":{"start":{"line":14,"column":102},"end":{"line":14,"column":110}},"23":{"start":{"line":14,"column":112},"end":{"line":14,"column":167}},"24":{"start":{"line":14,"column":168},"end":{"line":14,"column":199}},"25":{"start":{"line":14,"column":200},"end":{"line":14,"column":254}},"26":{"start":{"line":14,"column":227},"end":{"line":14,"column":254}},"27":{"start":{"line":14,"column":255},"end":{"line":14,"column":313}},"28":{"start":{"line":16,"column":62},"end":{"line":16,"column":131}},"29":{"start":{"line":16,"column":78},"end":{"line":16,"column":131}},"30":{"start":{"line":16,"column":132},"end":{"line":16,"column":193}},"31":{"start":{"line":16,"column":149},"end":{"line":16,"column":193}},"32":{"start":{"line":16,"column":194},"end":{"line":16,"column":213}},"33":{"start":{"line":20,"column":0},"end":{"line":91,"column":3}},"34":{"start":{"line":22,"column":4},"end":{"line":22,"column":42}},"35":{"start":{"line":24,"column":4},"end":{"line":24,"column":24}},"36":{"start":{"line":27,"column":2},"end":{"line":88,"column":6}},"37":{"start":{"line":30,"column":18},"end":{"line":45,"column":9}},"38":{"start":{"line":33,"column":8},"end":{"line":44,"column":26}},"39":{"start":{"line":34,"column":10},"end":{"line":43,"column":11}},"40":{"start":{"line":35,"column":12},"end":{"line":42,"column":13}},"41":{"start":{"line":37,"column":16},"end":{"line":37,"column":42}},"42":{"start":{"line":41,"column":16},"end":{"line":41,"column":39}},"43":{"start":{"line":48,"column":8},"end":{"line":48,"column":44}},"44":{"start":{"line":51,"column":6},"end":{"line":51,"column":18}},"45":{"start":{"line":56,"column":26},"end":{"line":73,"column":9}},"46":{"start":{"line":59,"column":8},"end":{"line":72,"column":27}},"47":{"start":{"line":60,"column":10},"end":{"line":71,"column":11}},"48":{"start":{"line":61,"column":12},"end":{"line":70,"column":13}},"49":{"start":{"line":63,"column":16},"end":{"line":65,"column":20}},"50":{"start":{"line":64,"column":18},"end":{"line":64,"column":46}},"51":{"start":{"line":69,"column":16},"end":{"line":69,"column":40}},"52":{"start":{"line":76,"column":8},"end":{"line":76,"column":52}},"53":{"start":{"line":79,"column":6},"end":{"line":79,"column":26}},"54":{"start":{"line":84,"column":6},"end":{"line":86,"column":9}},"55":{"start":{"line":85,"column":8},"end":{"line":85,"column":30}},"56":{"start":{"line":90,"column":2},"end":{"line":90,"column":24}},"57":{"start":{"line":93,"column":0},"end":{"line":93,"column":33}}},"fnMap":{"0":{"name":"asyncGeneratorStep","decl":{"start":{"line":8,"column":9},"end":{"line":8,"column":27}},"loc":{"start":{"line":8,"column":75},"end":{"line":8,"column":265}},"line":8},"1":{"name":"_asyncToGenerator","decl":{"start":{"line":10,"column":9},"end":{"line":10,"column":26}},"loc":{"start":{"line":10,"column":31},"end":{"line":10,"column":389}},"line":10},"2":{"name":"(anonymous_2)","decl":{"start":{"line":10,"column":40},"end":{"line":10,"column":41}},"loc":{"start":{"line":10,"column":52},"end":{"line":10,"column":386}},"line":10},"3":{"name":"(anonymous_3)","decl":{"start":{"line":10,"column":108},"end":{"line":10,"column":109}},"loc":{"start":{"line":10,"column":135},"end":{"line":10,"column":382}},"line":10},"4":{"name":"_next","decl":{"start":{"line":10,"column":178},"end":{"line":10,"column":183}},"loc":{"start":{"line":10,"column":191},"end":{"line":10,"column":266}},"line":10},"5":{"name":"_throw","decl":{"start":{"line":10,"column":276},"end":{"line":10,"column":282}},"loc":{"start":{"line":10,"column":288},"end":{"line":10,"column":362}},"line":10},"6":{"name":"_classCallCheck","decl":{"start":{"line":12,"column":9},"end":{"line":12,"column":24}},"loc":{"start":{"line":12,"column":48},"end":{"line":12,"column":153}},"line":12},"7":{"name":"_defineProperties","decl":{"start":{"line":14,"column":9},"end":{"line":14,"column":26}},"loc":{"start":{"line":14,"column":42},"end":{"line":14,"column":317}},"line":14},"8":{"name":"_createClass","decl":{"start":{"line":16,"column":9},"end":{"line":16,"column":21}},"loc":{"start":{"line":16,"column":60},"end":{"line":16,"column":215}},"line":16},"9":{"name":"(anonymous_9)","decl":{"start":{"line":20,"column":0},"end":{"line":20,"column":1}},"loc":{"start":{"line":20,"column":12},"end":{"line":91,"column":1}},"line":20},"10":{"name":"UserController","decl":{"start":{"line":21,"column":11},"end":{"line":21,"column":25}},"loc":{"start":{"line":21,"column":28},"end":{"line":25,"column":3}},"line":21},"11":{"name":"(anonymous_11)","decl":{"start":{"line":29,"column":11},"end":{"line":29,"column":12}},"loc":{"start":{"line":29,"column":23},"end":{"line":52,"column":5}},"line":29},"12":{"name":"_callee","decl":{"start":{"line":32,"column":39},"end":{"line":32,"column":46}},"loc":{"start":{"line":32,"column":53},"end":{"line":45,"column":7}},"line":32},"13":{"name":"_callee$","decl":{"start":{"line":33,"column":48},"end":{"line":33,"column":56}},"loc":{"start":{"line":33,"column":67},"end":{"line":44,"column":9}},"line":33},"14":{"name":"save","decl":{"start":{"line":47,"column":15},"end":{"line":47,"column":19}},"loc":{"start":{"line":47,"column":24},"end":{"line":49,"column":7}},"line":47},"15":{"name":"(anonymous_15)","decl":{"start":{"line":55,"column":11},"end":{"line":55,"column":12}},"loc":{"start":{"line":55,"column":23},"end":{"line":80,"column":5}},"line":55},"16":{"name":"_callee2","decl":{"start":{"line":58,"column":39},"end":{"line":58,"column":47}},"loc":{"start":{"line":58,"column":55},"end":{"line":73,"column":7}},"line":58},"17":{"name":"_callee2$","decl":{"start":{"line":59,"column":48},"end":{"line":59,"column":57}},"loc":{"start":{"line":59,"column":69},"end":{"line":72,"column":9}},"line":59},"18":{"name":"(anonymous_18)","decl":{"start":{"line":63,"column":70},"end":{"line":63,"column":71}},"loc":{"start":{"line":63,"column":86},"end":{"line":65,"column":17}},"line":63},"19":{"name":"checkIfExist","decl":{"start":{"line":75,"column":15},"end":{"line":75,"column":27}},"loc":{"start":{"line":75,"column":33},"end":{"line":77,"column":7}},"line":75},"20":{"name":"find","decl":{"start":{"line":83,"column":20},"end":{"line":83,"column":24}},"loc":{"start":{"line":83,"column":29},"end":{"line":87,"column":5}},"line":83},"21":{"name":"(anonymous_21)","decl":{"start":{"line":84,"column":33},"end":{"line":84,"column":34}},"loc":{"start":{"line":84,"column":49},"end":{"line":86,"column":7}},"line":84}},"branchMap":{"0":{"loc":{"start":{"line":8,"column":176},"end":{"line":8,"column":263}},"type":"if","locations":[{"start":{"line":8,"column":176},"end":{"line":8,"column":263}},{"start":{"line":8,"column":176},"end":{"line":8,"column":263}}],"line":8},"1":{"loc":{"start":{"line":12,"column":50},"end":{"line":12,"column":151}},"type":"if","locations":[{"start":{"line":12,"column":50},"end":{"line":12,"column":151}},{"start":{"line":12,"column":50},"end":{"line":12,"column":151}}],"line":12},"2":{"loc":{"start":{"line":14,"column":136},"end":{"line":14,"column":166}},"type":"binary-expr","locations":[{"start":{"line":14,"column":136},"end":{"line":14,"column":157}},{"start":{"line":14,"column":161},"end":{"line":14,"column":166}}],"line":14},"3":{"loc":{"start":{"line":14,"column":200},"end":{"line":14,"column":254}},"type":"if","locations":[{"start":{"line":14,"column":200},"end":{"line":14,"column":254}},{"start":{"line":14,"column":200},"end":{"line":14,"column":254}}],"line":14},"4":{"loc":{"start":{"line":16,"column":62},"end":{"line":16,"column":131}},"type":"if","locations":[{"start":{"line":16,"column":62},"end":{"line":16,"column":131}},{"start":{"line":16,"column":62},"end":{"line":16,"column":131}}],"line":16},"5":{"loc":{"start":{"line":16,"column":132},"end":{"line":16,"column":193}},"type":"if","locations":[{"start":{"line":16,"column":132},"end":{"line":16,"column":193}},{"start":{"line":16,"column":132},"end":{"line":16,"column":193}}],"line":16},"6":{"loc":{"start":{"line":35,"column":12},"end":{"line":42,"column":13}},"type":"switch","locations":[{"start":{"line":36,"column":14},"end":{"line":37,"column":42}},{"start":{"line":39,"column":14},"end":{"line":39,"column":21}},{"start":{"line":40,"column":14},"end":{"line":41,"column":39}}],"line":35},"7":{"loc":{"start":{"line":61,"column":12},"end":{"line":70,"column":13}},"type":"switch","locations":[{"start":{"line":62,"column":14},"end":{"line":65,"column":20}},{"start":{"line":67,"column":14},"end":{"line":67,"column":21}},{"start":{"line":68,"column":14},"end":{"line":69,"column":40}}],"line":61}},"s":{"0":1,"1":1,"2":11,"3":11,"4":11,"5":0,"6":0,"7":11,"8":11,"9":0,"10":2,"11":11,"12":11,"13":11,"14":11,"15":11,"16":0,"17":11,"18":1,"19":0,"20":1,"21":1,"22":3,"23":3,"24":3,"25":3,"26":3,"27":3,"28":1,"29":1,"30":1,"31":0,"32":1,"33":1,"34":1,"35":1,"36":1,"37":1,"38":1,"39":1,"40":1,"41":1,"42":1,"43":1,"44":1,"45":1,"46":10,"47":20,"48":20,"49":10,"50":9,"51":10,"52":10,"53":1,"54":1,"55":1,"56":1,"57":1},"f":{"0":11,"1":2,"2":11,"3":11,"4":11,"5":0,"6":1,"7":1,"8":1,"9":1,"10":1,"11":1,"12":1,"13":1,"14":1,"15":1,"16":10,"17":20,"18":9,"19":10,"20":1,"21":1},"b":{"0":[11,0],"1":[0,1],"2":[3,3],"3":[3,0],"4":[1,0],"5":[0,1],"6":[1,1,1],"7":[10,0,10]},"_coverageSchema":"43e27e138ebf9cfc5966b082cf9a028302ed4184","hash":"f2466058132978963c163b35ef549828ae2749a0","contentHash":"83940ba73b2f58f9cbf0ecf1c10a687bee9d65cff66290f70390ff69c2d13f83"},"E:\\courses\\andela challenge\\new\\Epic_Mail\\server\\middleware\\validator.js":{"path":"E:\\courses\\andela challenge\\new\\Epic_Mail\\server\\middleware\\validator.js","statementMap":{"0":{"start":{"line":3,"column":0},"end":{"line":5,"column":3}},"1":{"start":{"line":6,"column":0},"end":{"line":6,"column":25}},"2":{"start":{"line":8,"column":11},"end":{"line":8,"column":49}},"3":{"start":{"line":10,"column":39},"end":{"line":10,"column":93}},"4":{"start":{"line":12,"column":50},"end":{"line":12,"column":151}},"5":{"start":{"line":12,"column":92},"end":{"line":12,"column":149}},"6":{"start":{"line":14,"column":44},"end":{"line":14,"column":315}},"7":{"start":{"line":14,"column":57},"end":{"line":14,"column":58}},"8":{"start":{"line":14,"column":102},"end":{"line":14,"column":110}},"9":{"start":{"line":14,"column":112},"end":{"line":14,"column":167}},"10":{"start":{"line":14,"column":168},"end":{"line":14,"column":199}},"11":{"start":{"line":14,"column":200},"end":{"line":14,"column":254}},"12":{"start":{"line":14,"column":227},"end":{"line":14,"column":254}},"13":{"start":{"line":14,"column":255},"end":{"line":14,"column":313}},"14":{"start":{"line":16,"column":62},"end":{"line":16,"column":131}},"15":{"start":{"line":16,"column":78},"end":{"line":16,"column":131}},"16":{"start":{"line":16,"column":132},"end":{"line":16,"column":193}},"17":{"start":{"line":16,"column":149},"end":{"line":16,"column":193}},"18":{"start":{"line":16,"column":194},"end":{"line":16,"column":213}},"19":{"start":{"line":20,"column":0},"end":{"line":67,"column":3}},"20":{"start":{"line":22,"column":4},"end":{"line":22,"column":37}},"21":{"start":{"line":25,"column":2},"end":{"line":64,"column":6}},"22":{"start":{"line":28,"column":23},"end":{"line":33,"column":7}},"23":{"start":{"line":34,"column":6},"end":{"line":34,"column":53}},"24":{"start":{"line":39,"column":23},"end":{"line":42,"column":7}},"25":{"start":{"line":43,"column":6},"end":{"line":43,"column":53}},"26":{"start":{"line":48,"column":21},"end":{"line":50,"column":7}},"27":{"start":{"line":51,"column":6},"end":{"line":51,"column":53}},"28":{"start":{"line":56,"column":19},"end":{"line":61,"column":7}},"29":{"start":{"line":62,"column":6},"end":{"line":62,"column":52}},"30":{"start":{"line":66,"column":2},"end":{"line":66,"column":19}},"31":{"start":{"line":69,"column":0},"end":{"line":69,"column":28}}},"fnMap":{"0":{"name":"_interopRequireDefault","decl":{"start":{"line":10,"column":9},"end":{"line":10,"column":31}},"loc":{"start":{"line":10,"column":37},"end":{"line":10,"column":95}},"line":10},"1":{"name":"_classCallCheck","decl":{"start":{"line":12,"column":9},"end":{"line":12,"column":24}},"loc":{"start":{"line":12,"column":48},"end":{"line":12,"column":153}},"line":12},"2":{"name":"_defineProperties","decl":{"start":{"line":14,"column":9},"end":{"line":14,"column":26}},"loc":{"start":{"line":14,"column":42},"end":{"line":14,"column":317}},"line":14},"3":{"name":"_createClass","decl":{"start":{"line":16,"column":9},"end":{"line":16,"column":21}},"loc":{"start":{"line":16,"column":60},"end":{"line":16,"column":215}},"line":16},"4":{"name":"(anonymous_4)","decl":{"start":{"line":20,"column":0},"end":{"line":20,"column":1}},"loc":{"start":{"line":20,"column":12},"end":{"line":67,"column":1}},"line":20},"5":{"name":"Validator","decl":{"start":{"line":21,"column":11},"end":{"line":21,"column":20}},"loc":{"start":{"line":21,"column":23},"end":{"line":23,"column":3}},"line":21},"6":{"name":"schemaSignUp","decl":{"start":{"line":27,"column":20},"end":{"line":27,"column":32}},"loc":{"start":{"line":27,"column":39},"end":{"line":35,"column":5}},"line":27},"7":{"name":"schemaSignIn","decl":{"start":{"line":38,"column":20},"end":{"line":38,"column":32}},"loc":{"start":{"line":38,"column":39},"end":{"line":44,"column":5}},"line":38},"8":{"name":"schemaParamsId","decl":{"start":{"line":47,"column":20},"end":{"line":47,"column":34}},"loc":{"start":{"line":47,"column":43},"end":{"line":52,"column":5}},"line":47},"9":{"name":"schemaMessage","decl":{"start":{"line":55,"column":20},"end":{"line":55,"column":33}},"loc":{"start":{"line":55,"column":43},"end":{"line":63,"column":5}},"line":55}},"branchMap":{"0":{"loc":{"start":{"line":10,"column":46},"end":{"line":10,"column":92}},"type":"cond-expr","locations":[{"start":{"line":10,"column":70},"end":{"line":10,"column":73}},{"start":{"line":10,"column":76},"end":{"line":10,"column":92}}],"line":10},"1":{"loc":{"start":{"line":10,"column":46},"end":{"line":10,"column":67}},"type":"binary-expr","locations":[{"start":{"line":10,"column":46},"end":{"line":10,"column":49}},{"start":{"line":10,"column":53},"end":{"line":10,"column":67}}],"line":10},"2":{"loc":{"start":{"line":12,"column":50},"end":{"line":12,"column":151}},"type":"if","locations":[{"start":{"line":12,"column":50},"end":{"line":12,"column":151}},{"start":{"line":12,"column":50},"end":{"line":12,"column":151}}],"line":12},"3":{"loc":{"start":{"line":14,"column":136},"end":{"line":14,"column":166}},"type":"binary-expr","locations":[{"start":{"line":14,"column":136},"end":{"line":14,"column":157}},{"start":{"line":14,"column":161},"end":{"line":14,"column":166}}],"line":14},"4":{"loc":{"start":{"line":14,"column":200},"end":{"line":14,"column":254}},"type":"if","locations":[{"start":{"line":14,"column":200},"end":{"line":14,"column":254}},{"start":{"line":14,"column":200},"end":{"line":14,"column":254}}],"line":14},"5":{"loc":{"start":{"line":16,"column":62},"end":{"line":16,"column":131}},"type":"if","locations":[{"start":{"line":16,"column":62},"end":{"line":16,"column":131}},{"start":{"line":16,"column":62},"end":{"line":16,"column":131}}],"line":16},"6":{"loc":{"start":{"line":16,"column":132},"end":{"line":16,"column":193}},"type":"if","locations":[{"start":{"line":16,"column":132},"end":{"line":16,"column":193}},{"start":{"line":16,"column":132},"end":{"line":16,"column":193}}],"line":16}},"s":{"0":1,"1":1,"2":1,"3":1,"4":0,"5":0,"6":1,"7":1,"8":4,"9":4,"10":4,"11":4,"12":4,"13":4,"14":1,"15":0,"16":1,"17":1,"18":1,"19":1,"20":0,"21":1,"22":5,"23":5,"24":6,"25":6,"26":6,"27":6,"28":4,"29":4,"30":1,"31":1},"f":{"0":1,"1":0,"2":1,"3":1,"4":1,"5":0,"6":5,"7":6,"8":6,"9":4},"b":{"0":[0,1],"1":[1,1],"2":[0,0],"3":[4,4],"4":[4,0],"5":[0,1],"6":[1,0]},"_coverageSchema":"43e27e138ebf9cfc5966b082cf9a028302ed4184","hash":"9309e06083dee6add283579341a17fadd6ace363","contentHash":"dfcec3b4bf16ae78ea5c3d4fe00957578bbc356ba92fd8d88984e2bea328513e"},"E:\\courses\\andela challenge\\new\\Epic_Mail\\server\\models\\user.js":{"path":"E:\\courses\\andela challenge\\new\\Epic_Mail\\server\\models\\user.js","statementMap":{"0":{"start":{"line":3,"column":0},"end":{"line":5,"column":3}},"1":{"start":{"line":6,"column":0},"end":{"line":6,"column":25}},"2":{"start":{"line":8,"column":50},"end":{"line":8,"column":151}},"3":{"start":{"line":8,"column":92},"end":{"line":8,"column":149}},"4":{"start":{"line":10,"column":11},"end":{"line":17,"column":1}},"5":{"start":{"line":11,"column":2},"end":{"line":11,"column":30}},"6":{"start":{"line":13,"column":2},"end":{"line":13,"column":16}},"7":{"start":{"line":14,"column":2},"end":{"line":14,"column":20}},"8":{"start":{"line":15,"column":2},"end":{"line":15,"column":22}},"9":{"start":{"line":16,"column":2},"end":{"line":16,"column":28}},"10":{"start":{"line":19,"column":0},"end":{"line":19,"column":23}}},"fnMap":{"0":{"name":"_classCallCheck","decl":{"start":{"line":8,"column":9},"end":{"line":8,"column":24}},"loc":{"start":{"line":8,"column":48},"end":{"line":8,"column":153}},"line":8},"1":{"name":"User","decl":{"start":{"line":10,"column":20},"end":{"line":10,"column":24}},"loc":{"start":{"line":10,"column":56},"end":{"line":17,"column":1}},"line":10}},"branchMap":{"0":{"loc":{"start":{"line":8,"column":50},"end":{"line":8,"column":151}},"type":"if","locations":[{"start":{"line":8,"column":50},"end":{"line":8,"column":151}},{"start":{"line":8,"column":50},"end":{"line":8,"column":151}}],"line":8}},"s":{"0":1,"1":1,"2":1,"3":0,"4":1,"5":1,"6":1,"7":1,"8":1,"9":1,"10":1},"f":{"0":1,"1":1},"b":{"0":[0,1]},"_coverageSchema":"43e27e138ebf9cfc5966b082cf9a028302ed4184","hash":"42288e420ea17c24903075723eed2dea0c0ee695","contentHash":"d12b91207b5de69587222e30ddc33c31d4bcf332d6fce15e046742c078307316"},"E:\\courses\\andela challenge\\new\\Epic_Mail\\server\\routes\\messages.js":{"path":"E:\\courses\\andela challenge\\new\\Epic_Mail\\server\\routes\\messages.js","statementMap":{"0":{"start":{"line":3,"column":0},"end":{"line":5,"column":3}},"1":{"start":{"line":6,"column":0},"end":{"line":6,"column":25}},"2":{"start":{"line":8,"column":15},"end":{"line":8,"column":57}},"3":{"start":{"line":10,"column":17},"end":{"line":10,"column":76}},"4":{"start":{"line":12,"column":15},"end":{"line":12,"column":67}},"5":{"start":{"line":14,"column":16},"end":{"line":14,"column":73}},"6":{"start":{"line":16,"column":17},"end":{"line":16,"column":75}},"7":{"start":{"line":18,"column":12},"end":{"line":18,"column":29}},"8":{"start":{"line":20,"column":39},"end":{"line":20,"column":93}},"9":{"start":{"line":22,"column":20},"end":{"line":22,"column":45}},"10":{"start":{"line":24,"column":24},"end":{"line":24,"column":47}},"11":{"start":{"line":25,"column":0},"end":{"line":28,"column":3}},"12":{"start":{"line":26,"column":16},"end":{"line":26,"column":71}},"13":{"start":{"line":27,"column":2},"end":{"line":27,"column":30}},"14":{"start":{"line":29,"column":0},"end":{"line":32,"column":3}},"15":{"start":{"line":30,"column":16},"end":{"line":30,"column":69}},"16":{"start":{"line":31,"column":2},"end":{"line":31,"column":30}},"17":{"start":{"line":33,"column":0},"end":{"line":36,"column":3}},"18":{"start":{"line":34,"column":16},"end":{"line":34,"column":67}},"19":{"start":{"line":35,"column":2},"end":{"line":35,"column":30}},"20":{"start":{"line":37,"column":0},"end":{"line":49,"column":3}},"21":{"start":{"line":38,"column":17},"end":{"line":38,"column":62}},"22":{"start":{"line":40,"column":2},"end":{"line":42,"column":3}},"23":{"start":{"line":41,"column":4},"end":{"line":41,"column":41}},"24":{"start":{"line":44,"column":16},"end":{"line":44,"column":59}},"25":{"start":{"line":45,"column":2},"end":{"line":48,"column":5}},"26":{"start":{"line":50,"column":0},"end":{"line":72,"column":3}},"27":{"start":{"line":51,"column":17},"end":{"line":51,"column":62}},"28":{"start":{"line":53,"column":2},"end":{"line":55,"column":3}},"29":{"start":{"line":54,"column":4},"end":{"line":54,"column":41}},"30":{"start":{"line":57,"column":2},"end":{"line":71,"column":3}},"31":{"start":{"line":58,"column":4},"end":{"line":63,"column":7}},"32":{"start":{"line":65,"column":4},"end":{"line":70,"column":7}},"33":{"start":{"line":73,"column":0},"end":{"line":104,"column":3}},"34":{"start":{"line":74,"column":17},"end":{"line":74,"column":59}},"35":{"start":{"line":76,"column":2},"end":{"line":78,"column":3}},"36":{"start":{"line":77,"column":4},"end":{"line":77,"column":41}},"37":{"start":{"line":80,"column":14},"end":{"line":80,"column":25}},"38":{"start":{"line":82,"column":2},"end":{"line":103,"column":5}},"39":{"start":{"line":83,"column":4},"end":{"line":102,"column":5}},"40":{"start":{"line":84,"column":6},"end":{"line":86,"column":7}},"41":{"start":{"line":85,"column":8},"end":{"line":85,"column":40}},"42":{"start":{"line":88,"column":6},"end":{"line":88,"column":30}},"43":{"start":{"line":89,"column":6},"end":{"line":96,"column":9}},"44":{"start":{"line":90,"column":8},"end":{"line":95,"column":9}},"45":{"start":{"line":91,"column":10},"end":{"line":94,"column":13}},"46":{"start":{"line":98,"column":6},"end":{"line":101,"column":9}},"47":{"start":{"line":107,"column":2},"end":{"line":110,"column":5}},"48":{"start":{"line":114,"column":2},"end":{"line":117,"column":5}},"49":{"start":{"line":120,"column":15},"end":{"line":120,"column":28}},"50":{"start":{"line":121,"column":0},"end":{"line":121,"column":27}}},"fnMap":{"0":{"name":"_interopRequireDefault","decl":{"start":{"line":20,"column":9},"end":{"line":20,"column":31}},"loc":{"start":{"line":20,"column":37},"end":{"line":20,"column":95}},"line":20},"1":{"name":"(anonymous_1)","decl":{"start":{"line":25,"column":43},"end":{"line":25,"column":44}},"loc":{"start":{"line":25,"column":69},"end":{"line":28,"column":1}},"line":25},"2":{"name":"(anonymous_2)","decl":{"start":{"line":29,"column":49},"end":{"line":29,"column":50}},"loc":{"start":{"line":29,"column":75},"end":{"line":32,"column":1}},"line":29},"3":{"name":"(anonymous_3)","decl":{"start":{"line":33,"column":47},"end":{"line":33,"column":48}},"loc":{"start":{"line":33,"column":73},"end":{"line":36,"column":1}},"line":33},"4":{"name":"(anonymous_4)","decl":{"start":{"line":37,"column":46},"end":{"line":37,"column":47}},"loc":{"start":{"line":37,"column":72},"end":{"line":49,"column":1}},"line":37},"5":{"name":"(anonymous_5)","decl":{"start":{"line":50,"column":49},"end":{"line":50,"column":50}},"loc":{"start":{"line":50,"column":75},"end":{"line":72,"column":1}},"line":50},"6":{"name":"(anonymous_6)","decl":{"start":{"line":73,"column":44},"end":{"line":73,"column":45}},"loc":{"start":{"line":73,"column":70},"end":{"line":104,"column":1}},"line":73},"7":{"name":"(anonymous_7)","decl":{"start":{"line":82,"column":48},"end":{"line":82,"column":49}},"loc":{"start":{"line":82,"column":66},"end":{"line":103,"column":3}},"line":82},"8":{"name":"(anonymous_8)","decl":{"start":{"line":89,"column":48},"end":{"line":89,"column":49}},"loc":{"start":{"line":89,"column":66},"end":{"line":96,"column":7}},"line":89},"9":{"name":"returnMessage","decl":{"start":{"line":106,"column":9},"end":{"line":106,"column":22}},"loc":{"start":{"line":106,"column":37},"end":{"line":111,"column":1}},"line":106},"10":{"name":"validationError","decl":{"start":{"line":113,"column":9},"end":{"line":113,"column":24}},"loc":{"start":{"line":113,"column":37},"end":{"line":118,"column":1}},"line":113}},"branchMap":{"0":{"loc":{"start":{"line":20,"column":46},"end":{"line":20,"column":92}},"type":"cond-expr","locations":[{"start":{"line":20,"column":70},"end":{"line":20,"column":73}},{"start":{"line":20,"column":76},"end":{"line":20,"column":92}}],"line":20},"1":{"loc":{"start":{"line":20,"column":46},"end":{"line":20,"column":67}},"type":"binary-expr","locations":[{"start":{"line":20,"column":46},"end":{"line":20,"column":49}},{"start":{"line":20,"column":53},"end":{"line":20,"column":67}}],"line":20},"2":{"loc":{"start":{"line":40,"column":2},"end":{"line":42,"column":3}},"type":"if","locations":[{"start":{"line":40,"column":2},"end":{"line":42,"column":3}},{"start":{"line":40,"column":2},"end":{"line":42,"column":3}}],"line":40},"3":{"loc":{"start":{"line":47,"column":10},"end":{"line":47,"column":49}},"type":"cond-expr","locations":[{"start":{"line":47,"column":20},"end":{"line":47,"column":27}},{"start":{"line":47,"column":30},"end":{"line":47,"column":49}}],"line":47},"4":{"loc":{"start":{"line":53,"column":2},"end":{"line":55,"column":3}},"type":"if","locations":[{"start":{"line":53,"column":2},"end":{"line":55,"column":3}},{"start":{"line":53,"column":2},"end":{"line":55,"column":3}}],"line":53},"5":{"loc":{"start":{"line":57,"column":2},"end":{"line":71,"column":3}},"type":"if","locations":[{"start":{"line":57,"column":2},"end":{"line":71,"column":3}},{"start":{"line":57,"column":2},"end":{"line":71,"column":3}}],"line":57},"6":{"loc":{"start":{"line":76,"column":2},"end":{"line":78,"column":3}},"type":"if","locations":[{"start":{"line":76,"column":2},"end":{"line":78,"column":3}},{"start":{"line":76,"column":2},"end":{"line":78,"column":3}}],"line":76},"7":{"loc":{"start":{"line":83,"column":4},"end":{"line":102,"column":5}},"type":"if","locations":[{"start":{"line":83,"column":4},"end":{"line":102,"column":5}},{"start":{"line":83,"column":4},"end":{"line":102,"column":5}}],"line":83},"8":{"loc":{"start":{"line":84,"column":6},"end":{"line":86,"column":7}},"type":"if","locations":[{"start":{"line":84,"column":6},"end":{"line":86,"column":7}},{"start":{"line":84,"column":6},"end":{"line":86,"column":7}}],"line":84},"9":{"loc":{"start":{"line":90,"column":8},"end":{"line":95,"column":9}},"type":"if","locations":[{"start":{"line":90,"column":8},"end":{"line":95,"column":9}},{"start":{"line":90,"column":8},"end":{"line":95,"column":9}}],"line":90},"10":{"loc":{"start":{"line":109,"column":10},"end":{"line":109,"column":61}},"type":"cond-expr","locations":[{"start":{"line":109,"column":31},"end":{"line":109,"column":38}},{"start":{"line":109,"column":41},"end":{"line":109,"column":61}}],"line":109}},"s":{"0":1,"1":1,"2":1,"3":1,"4":1,"5":1,"6":1,"7":1,"8":5,"9":1,"10":1,"11":1,"12":1,"13":1,"14":1,"15":1,"16":1,"17":1,"18":1,"19":1,"20":1,"21":4,"22":4,"23":2,"24":4,"25":4,"26":1,"27":2,"28":2,"29":1,"30":2,"31":1,"32":1,"33":1,"34":4,"35":4,"36":2,"37":4,"38":4,"39":4,"40":1,"41":0,"42":1,"43":1,"44":1,"45":1,"46":3,"47":3,"48":5,"49":1,"50":1},"f":{"0":5,"1":1,"2":1,"3":1,"4":4,"5":2,"6":4,"7":4,"8":1,"9":3,"10":5},"b":{"0":[4,1],"1":[5,5],"2":[2,2],"3":[1,3],"4":[1,1],"5":[1,1],"6":[2,2],"7":[1,3],"8":[0,1],"9":[1,0],"10":[2,1]},"_coverageSchema":"43e27e138ebf9cfc5966b082cf9a028302ed4184","hash":"6f9f95df85959eafc177b66b23868537ffda1521","contentHash":"8e1951f549e6c895d370a3e045a676b8e003dc9203f6613e641d7332648566bd"},"E:\\courses\\andela challenge\\new\\Epic_Mail\\server\\models\\message.js":{"path":"E:\\courses\\andela challenge\\new\\Epic_Mail\\server\\models\\message.js","statementMap":{"0":{"start":{"line":3,"column":0},"end":{"line":5,"column":3}},"1":{"start":{"line":6,"column":0},"end":{"line":6,"column":25}},"2":{"start":{"line":8,"column":50},"end":{"line":8,"column":151}},"3":{"start":{"line":8,"column":92},"end":{"line":8,"column":149}},"4":{"start":{"line":10,"column":14},"end":{"line":14,"column":1}},"5":{"start":{"line":11,"column":2},"end":{"line":11,"column":33}},"6":{"start":{"line":13,"column":2},"end":{"line":13,"column":153}},"7":{"start":{"line":16,"column":0},"end":{"line":16,"column":26}}},"fnMap":{"0":{"name":"_classCallCheck","decl":{"start":{"line":8,"column":9},"end":{"line":8,"column":24}},"loc":{"start":{"line":8,"column":48},"end":{"line":8,"column":153}},"line":8},"1":{"name":"Message","decl":{"start":{"line":10,"column":23},"end":{"line":10,"column":30}},"loc":{"start":{"line":10,"column":89},"end":{"line":14,"column":1}},"line":10}},"branchMap":{"0":{"loc":{"start":{"line":8,"column":50},"end":{"line":8,"column":151}},"type":"if","locations":[{"start":{"line":8,"column":50},"end":{"line":8,"column":151}},{"start":{"line":8,"column":50},"end":{"line":8,"column":151}}],"line":8}},"s":{"0":1,"1":1,"2":1,"3":0,"4":1,"5":1,"6":1,"7":1},"f":{"0":1,"1":1},"b":{"0":[0,1]},"_coverageSchema":"43e27e138ebf9cfc5966b082cf9a028302ed4184","hash":"fb7caa1834aa7d7b57680361cebaf5f862af1423","contentHash":"aa601ede633edd5c0dd83cdaceaa6d2878856e8eb96348e81cf317b5f817327e"},"E:\\courses\\andela challenge\\new\\Epic_Mail\\server\\controllers\\message.js":{"path":"E:\\courses\\andela challenge\\new\\Epic_Mail\\server\\controllers\\message.js","statementMap":{"0":{"start":{"line":3,"column":0},"end":{"line":5,"column":3}},"1":{"start":{"line":6,"column":0},"end":{"line":6,"column":47}},"2":{"start":{"line":8,"column":15},"end":{"line":8,"column":67}},"3":{"start":{"line":10,"column":17},"end":{"line":10,"column":76}},"4":{"start":{"line":12,"column":12},"end":{"line":12,"column":37}},"5":{"start":{"line":14,"column":39},"end":{"line":14,"column":93}},"6":{"start":{"line":16,"column":77},"end":{"line":16,"column":175}},"7":{"start":{"line":16,"column":94},"end":{"line":16,"column":107}},"8":{"start":{"line":16,"column":121},"end":{"line":16,"column":131}},"9":{"start":{"line":16,"column":151},"end":{"line":16,"column":165}},"10":{"start":{"line":16,"column":166},"end":{"line":16,"column":173}},"11":{"start":{"line":16,"column":176},"end":{"line":16,"column":263}},"12":{"start":{"line":16,"column":193},"end":{"line":16,"column":208}},"13":{"start":{"line":16,"column":218},"end":{"line":16,"column":261}},"14":{"start":{"line":18,"column":33},"end":{"line":18,"column":387}},"15":{"start":{"line":18,"column":65},"end":{"line":18,"column":69}},"16":{"start":{"line":18,"column":78},"end":{"line":18,"column":87}},"17":{"start":{"line":18,"column":89},"end":{"line":18,"column":384}},"18":{"start":{"line":18,"column":147},"end":{"line":18,"column":167}},"19":{"start":{"line":18,"column":193},"end":{"line":18,"column":264}},"20":{"start":{"line":18,"column":290},"end":{"line":18,"column":360}},"21":{"start":{"line":18,"column":363},"end":{"line":18,"column":380}},"22":{"start":{"line":20,"column":50},"end":{"line":20,"column":151}},"23":{"start":{"line":20,"column":92},"end":{"line":20,"column":149}},"24":{"start":{"line":22,"column":44},"end":{"line":22,"column":315}},"25":{"start":{"line":22,"column":57},"end":{"line":22,"column":58}},"26":{"start":{"line":22,"column":102},"end":{"line":22,"column":110}},"27":{"start":{"line":22,"column":112},"end":{"line":22,"column":167}},"28":{"start":{"line":22,"column":168},"end":{"line":22,"column":199}},"29":{"start":{"line":22,"column":200},"end":{"line":22,"column":254}},"30":{"start":{"line":22,"column":227},"end":{"line":22,"column":254}},"31":{"start":{"line":22,"column":255},"end":{"line":22,"column":313}},"32":{"start":{"line":24,"column":62},"end":{"line":24,"column":131}},"33":{"start":{"line":24,"column":78},"end":{"line":24,"column":131}},"34":{"start":{"line":24,"column":132},"end":{"line":24,"column":193}},"35":{"start":{"line":24,"column":149},"end":{"line":24,"column":193}},"36":{"start":{"line":24,"column":194},"end":{"line":24,"column":213}},"37":{"start":{"line":28,"column":0},"end":{"line":234,"column":3}},"38":{"start":{"line":30,"column":4},"end":{"line":30,"column":45}},"39":{"start":{"line":32,"column":4},"end":{"line":32,"column":27}},"40":{"start":{"line":33,"column":4},"end":{"line":33,"column":27}},"41":{"start":{"line":36,"column":2},"end":{"line":231,"column":6}},"42":{"start":{"line":39,"column":18},"end":{"line":39,"column":22}},"43":{"start":{"line":41,"column":21},"end":{"line":41,"column":23}},"44":{"start":{"line":42,"column":38},"end":{"line":42,"column":42}},"45":{"start":{"line":43,"column":30},"end":{"line":43,"column":35}},"46":{"start":{"line":44,"column":27},"end":{"line":44,"column":36}},"47":{"start":{"line":46,"column":6},"end":{"line":73,"column":7}},"48":{"start":{"line":47,"column":20},"end":{"line":55,"column":9}},"49":{"start":{"line":48,"column":21},"end":{"line":48,"column":32}},"50":{"start":{"line":50,"column":22},"end":{"line":52,"column":12}},"51":{"start":{"line":51,"column":12},"end":{"line":51,"column":79}},"52":{"start":{"line":54,"column":10},"end":{"line":54,"column":50}},"53":{"start":{"line":54,"column":29},"end":{"line":54,"column":50}},"54":{"start":{"line":57,"column":8},"end":{"line":59,"column":9}},"55":{"start":{"line":57,"column":29},"end":{"line":57,"column":65}},"56":{"start":{"line":58,"column":10},"end":{"line":58,"column":18}},"57":{"start":{"line":61,"column":8},"end":{"line":61,"column":33}},"58":{"start":{"line":62,"column":8},"end":{"line":62,"column":29}},"59":{"start":{"line":64,"column":8},"end":{"line":72,"column":9}},"60":{"start":{"line":65,"column":10},"end":{"line":67,"column":11}},"61":{"start":{"line":66,"column":12},"end":{"line":66,"column":31}},"62":{"start":{"line":69,"column":10},"end":{"line":71,"column":11}},"63":{"start":{"line":70,"column":12},"end":{"line":70,"column":33}},"64":{"start":{"line":75,"column":6},"end":{"line":75,"column":22}},"65":{"start":{"line":80,"column":19},"end":{"line":80,"column":23}},"66":{"start":{"line":82,"column":19},"end":{"line":82,"column":21}},"67":{"start":{"line":83,"column":39},"end":{"line":83,"column":43}},"68":{"start":{"line":84,"column":31},"end":{"line":84,"column":36}},"69":{"start":{"line":85,"column":28},"end":{"line":85,"column":37}},"70":{"start":{"line":87,"column":6},"end":{"line":124,"column":7}},"71":{"start":{"line":88,"column":21},"end":{"line":106,"column":9}},"72":{"start":{"line":89,"column":21},"end":{"line":89,"column":33}},"73":{"start":{"line":91,"column":22},"end":{"line":93,"column":12}},"74":{"start":{"line":92,"column":12},"end":{"line":92,"column":120}},"75":{"start":{"line":95,"column":10},"end":{"line":105,"column":11}},"76":{"start":{"line":96,"column":23},"end":{"line":96,"column":62}},"77":{"start":{"line":98,"column":12},"end":{"line":101,"column":13}},"78":{"start":{"line":99,"column":14},"end":{"line":99,"column":34}},"79":{"start":{"line":100,"column":14},"end":{"line":100,"column":41}},"80":{"start":{"line":103,"column":12},"end":{"line":103,"column":42}},"81":{"start":{"line":104,"column":12},"end":{"line":104,"column":31}},"82":{"start":{"line":108,"column":8},"end":{"line":110,"column":9}},"83":{"start":{"line":108,"column":30},"end":{"line":108,"column":66}},"84":{"start":{"line":109,"column":10},"end":{"line":109,"column":19}},"85":{"start":{"line":112,"column":8},"end":{"line":112,"column":34}},"86":{"start":{"line":113,"column":8},"end":{"line":113,"column":30}},"87":{"start":{"line":115,"column":8},"end":{"line":123,"column":9}},"88":{"start":{"line":116,"column":10},"end":{"line":118,"column":11}},"89":{"start":{"line":117,"column":12},"end":{"line":117,"column":32}},"90":{"start":{"line":120,"column":10},"end":{"line":122,"column":11}},"91":{"start":{"line":121,"column":12},"end":{"line":121,"column":34}},"92":{"start":{"line":126,"column":6},"end":{"line":126,"column":20}},"93":{"start":{"line":131,"column":19},"end":{"line":131,"column":23}},"94":{"start":{"line":133,"column":17},"end":{"line":133,"column":19}},"95":{"start":{"line":134,"column":39},"end":{"line":134,"column":43}},"96":{"start":{"line":135,"column":31},"end":{"line":135,"column":36}},"97":{"start":{"line":136,"column":28},"end":{"line":136,"column":37}},"98":{"start":{"line":138,"column":6},"end":{"line":165,"column":7}},"99":{"start":{"line":139,"column":21},"end":{"line":147,"column":9}},"100":{"start":{"line":140,"column":18},"end":{"line":140,"column":30}},"101":{"start":{"line":142,"column":22},"end":{"line":144,"column":12}},"102":{"start":{"line":143,"column":12},"end":{"line":143,"column":89}},"103":{"start":{"line":146,"column":10},"end":{"line":146,"column":46}},"104":{"start":{"line":146,"column":29},"end":{"line":146,"column":46}},"105":{"start":{"line":149,"column":8},"end":{"line":151,"column":9}},"106":{"start":{"line":149,"column":30},"end":{"line":149,"column":66}},"107":{"start":{"line":150,"column":10},"end":{"line":150,"column":19}},"108":{"start":{"line":153,"column":8},"end":{"line":153,"column":34}},"109":{"start":{"line":154,"column":8},"end":{"line":154,"column":30}},"110":{"start":{"line":156,"column":8},"end":{"line":164,"column":9}},"111":{"start":{"line":157,"column":10},"end":{"line":159,"column":11}},"112":{"start":{"line":158,"column":12},"end":{"line":158,"column":32}},"113":{"start":{"line":161,"column":10},"end":{"line":163,"column":11}},"114":{"start":{"line":162,"column":12},"end":{"line":162,"column":34}},"115":{"start":{"line":167,"column":6},"end":{"line":167,"column":18}},"116":{"start":{"line":172,"column":6},"end":{"line":174,"column":9}},"117":{"start":{"line":173,"column":8},"end":{"line":173,"column":47}},"118":{"start":{"line":181,"column":6},"end":{"line":185,"column":7}},"119":{"start":{"line":182,"column":8},"end":{"line":184,"column":9}},"120":{"start":{"line":183,"column":10},"end":{"line":183,"column":55}},"121":{"start":{"line":187,"column":6},"end":{"line":191,"column":7}},"122":{"start":{"line":188,"column":8},"end":{"line":188,"column":20}},"123":{"start":{"line":190,"column":8},"end":{"line":190,"column":21}},"124":{"start":{"line":196,"column":27},"end":{"line":223,"column":9}},"125":{"start":{"line":200,"column":8},"end":{"line":222,"column":26}},"126":{"start":{"line":201,"column":10},"end":{"line":221,"column":11}},"127":{"start":{"line":202,"column":12},"end":{"line":220,"column":13}},"128":{"start":{"line":204,"column":16},"end":{"line":208,"column":17}},"129":{"start":{"line":205,"column":18},"end":{"line":205,"column":78}},"130":{"start":{"line":207,"column":18},"end":{"line":207,"column":25}},"131":{"start":{"line":210,"column":16},"end":{"line":210,"column":34}},"132":{"start":{"line":211,"column":16},"end":{"line":211,"column":78}},"133":{"start":{"line":212,"column":16},"end":{"line":212,"column":149}},"134":{"start":{"line":213,"column":16},"end":{"line":213,"column":48}},"135":{"start":{"line":214,"column":16},"end":{"line":214,"column":126}},"136":{"start":{"line":215,"column":16},"end":{"line":215,"column":58}},"137":{"start":{"line":219,"column":16},"end":{"line":219,"column":39}},"138":{"start":{"line":226,"column":8},"end":{"line":226,"column":53}},"139":{"start":{"line":229,"column":6},"end":{"line":229,"column":27}},"140":{"start":{"line":233,"column":2},"end":{"line":233,"column":27}},"141":{"start":{"line":236,"column":0},"end":{"line":236,"column":36}},"142":{"start":{"line":238,"column":18},"end":{"line":242,"column":1}},"143":{"start":{"line":239,"column":2},"end":{"line":239,"column":37}},"144":{"start":{"line":241,"column":2},"end":{"line":241,"column":109}},"145":{"start":{"line":244,"column":0},"end":{"line":244,"column":34}}},"fnMap":{"0":{"name":"_interopRequireDefault","decl":{"start":{"line":14,"column":9},"end":{"line":14,"column":31}},"loc":{"start":{"line":14,"column":37},"end":{"line":14,"column":95}},"line":14},"1":{"name":"asyncGeneratorStep","decl":{"start":{"line":16,"column":9},"end":{"line":16,"column":27}},"loc":{"start":{"line":16,"column":75},"end":{"line":16,"column":265}},"line":16},"2":{"name":"_asyncToGenerator","decl":{"start":{"line":18,"column":9},"end":{"line":18,"column":26}},"loc":{"start":{"line":18,"column":31},"end":{"line":18,"column":389}},"line":18},"3":{"name":"(anonymous_3)","decl":{"start":{"line":18,"column":40},"end":{"line":18,"column":41}},"loc":{"start":{"line":18,"column":52},"end":{"line":18,"column":386}},"line":18},"4":{"name":"(anonymous_4)","decl":{"start":{"line":18,"column":108},"end":{"line":18,"column":109}},"loc":{"start":{"line":18,"column":135},"end":{"line":18,"column":382}},"line":18},"5":{"name":"_next","decl":{"start":{"line":18,"column":178},"end":{"line":18,"column":183}},"loc":{"start":{"line":18,"column":191},"end":{"line":18,"column":266}},"line":18},"6":{"name":"_throw","decl":{"start":{"line":18,"column":276},"end":{"line":18,"column":282}},"loc":{"start":{"line":18,"column":288},"end":{"line":18,"column":362}},"line":18},"7":{"name":"_classCallCheck","decl":{"start":{"line":20,"column":9},"end":{"line":20,"column":24}},"loc":{"start":{"line":20,"column":48},"end":{"line":20,"column":153}},"line":20},"8":{"name":"_defineProperties","decl":{"start":{"line":22,"column":9},"end":{"line":22,"column":26}},"loc":{"start":{"line":22,"column":42},"end":{"line":22,"column":317}},"line":22},"9":{"name":"_createClass","decl":{"start":{"line":24,"column":9},"end":{"line":24,"column":21}},"loc":{"start":{"line":24,"column":60},"end":{"line":24,"column":215}},"line":24},"10":{"name":"(anonymous_10)","decl":{"start":{"line":28,"column":0},"end":{"line":28,"column":1}},"loc":{"start":{"line":28,"column":12},"end":{"line":234,"column":1}},"line":28},"11":{"name":"MessageController","decl":{"start":{"line":29,"column":11},"end":{"line":29,"column":28}},"loc":{"start":{"line":29,"column":31},"end":{"line":34,"column":3}},"line":29},"12":{"name":"getReceivedEmail","decl":{"start":{"line":38,"column":20},"end":{"line":38,"column":36}},"loc":{"start":{"line":38,"column":45},"end":{"line":76,"column":5}},"line":38},"13":{"name":"_loop","decl":{"start":{"line":47,"column":29},"end":{"line":47,"column":34}},"loc":{"start":{"line":47,"column":37},"end":{"line":55,"column":9}},"line":47},"14":{"name":"(anonymous_14)","decl":{"start":{"line":50,"column":46},"end":{"line":50,"column":47}},"loc":{"start":{"line":50,"column":65},"end":{"line":52,"column":11}},"line":50},"15":{"name":"getUnreadEmail","decl":{"start":{"line":79,"column":20},"end":{"line":79,"column":34}},"loc":{"start":{"line":79,"column":43},"end":{"line":127,"column":5}},"line":79},"16":{"name":"_loop2","decl":{"start":{"line":88,"column":30},"end":{"line":88,"column":36}},"loc":{"start":{"line":88,"column":39},"end":{"line":106,"column":9}},"line":88},"17":{"name":"(anonymous_17)","decl":{"start":{"line":91,"column":47},"end":{"line":91,"column":48}},"loc":{"start":{"line":91,"column":66},"end":{"line":93,"column":11}},"line":91},"18":{"name":"getSentEmail","decl":{"start":{"line":130,"column":20},"end":{"line":130,"column":32}},"loc":{"start":{"line":130,"column":41},"end":{"line":168,"column":5}},"line":130},"19":{"name":"_loop3","decl":{"start":{"line":139,"column":30},"end":{"line":139,"column":36}},"loc":{"start":{"line":139,"column":39},"end":{"line":147,"column":9}},"line":139},"20":{"name":"(anonymous_20)","decl":{"start":{"line":142,"column":47},"end":{"line":142,"column":48}},"loc":{"start":{"line":142,"column":66},"end":{"line":144,"column":11}},"line":142},"21":{"name":"getMessage","decl":{"start":{"line":171,"column":20},"end":{"line":171,"column":30}},"loc":{"start":{"line":171,"column":35},"end":{"line":175,"column":5}},"line":171},"22":{"name":"(anonymous_22)","decl":{"start":{"line":172,"column":36},"end":{"line":172,"column":37}},"loc":{"start":{"line":172,"column":55},"end":{"line":174,"column":7}},"line":172},"23":{"name":"deleteMessage","decl":{"start":{"line":178,"column":20},"end":{"line":178,"column":33}},"loc":{"start":{"line":178,"column":38},"end":{"line":192,"column":5}},"line":178},"24":{"name":"(anonymous_24)","decl":{"start":{"line":195,"column":11},"end":{"line":195,"column":12}},"loc":{"start":{"line":195,"column":23},"end":{"line":230,"column":5}},"line":195},"25":{"name":"_callee","decl":{"start":{"line":198,"column":39},"end":{"line":198,"column":46}},"loc":{"start":{"line":198,"column":53},"end":{"line":223,"column":7}},"line":198},"26":{"name":"_callee$","decl":{"start":{"line":200,"column":48},"end":{"line":200,"column":56}},"loc":{"start":{"line":200,"column":67},"end":{"line":222,"column":9}},"line":200},"27":{"name":"createMessage","decl":{"start":{"line":225,"column":15},"end":{"line":225,"column":28}},"loc":{"start":{"line":225,"column":33},"end":{"line":227,"column":7}},"line":225},"28":{"name":"SentMessage","decl":{"start":{"line":238,"column":27},"end":{"line":238,"column":38}},"loc":{"start":{"line":238,"column":81},"end":{"line":242,"column":1}},"line":238}},"branchMap":{"0":{"loc":{"start":{"line":14,"column":46},"end":{"line":14,"column":92}},"type":"cond-expr","locations":[{"start":{"line":14,"column":70},"end":{"line":14,"column":73}},{"start":{"line":14,"column":76},"end":{"line":14,"column":92}}],"line":14},"1":{"loc":{"start":{"line":14,"column":46},"end":{"line":14,"column":67}},"type":"binary-expr","locations":[{"start":{"line":14,"column":46},"end":{"line":14,"column":49}},{"start":{"line":14,"column":53},"end":{"line":14,"column":67}}],"line":14},"2":{"loc":{"start":{"line":16,"column":176},"end":{"line":16,"column":263}},"type":"if","locations":[{"start":{"line":16,"column":176},"end":{"line":16,"column":263}},{"start":{"line":16,"column":176},"end":{"line":16,"column":263}}],"line":16},"3":{"loc":{"start":{"line":20,"column":50},"end":{"line":20,"column":151}},"type":"if","locations":[{"start":{"line":20,"column":50},"end":{"line":20,"column":151}},{"start":{"line":20,"column":50},"end":{"line":20,"column":151}}],"line":20},"4":{"loc":{"start":{"line":22,"column":136},"end":{"line":22,"column":166}},"type":"binary-expr","locations":[{"start":{"line":22,"column":136},"end":{"line":22,"column":157}},{"start":{"line":22,"column":161},"end":{"line":22,"column":166}}],"line":22},"5":{"loc":{"start":{"line":22,"column":200},"end":{"line":22,"column":254}},"type":"if","locations":[{"start":{"line":22,"column":200},"end":{"line":22,"column":254}},{"start":{"line":22,"column":200},"end":{"line":22,"column":254}}],"line":22},"6":{"loc":{"start":{"line":24,"column":62},"end":{"line":24,"column":131}},"type":"if","locations":[{"start":{"line":24,"column":62},"end":{"line":24,"column":131}},{"start":{"line":24,"column":62},"end":{"line":24,"column":131}}],"line":24},"7":{"loc":{"start":{"line":24,"column":132},"end":{"line":24,"column":193}},"type":"if","locations":[{"start":{"line":24,"column":132},"end":{"line":24,"column":193}},{"start":{"line":24,"column":132},"end":{"line":24,"column":193}}],"line":24},"8":{"loc":{"start":{"line":51,"column":19},"end":{"line":51,"column":78}},"type":"binary-expr","locations":[{"start":{"line":51,"column":19},"end":{"line":51,"column":48}},{"start":{"line":51,"column":52},"end":{"line":51,"column":78}}],"line":51},"9":{"loc":{"start":{"line":54,"column":10},"end":{"line":54,"column":50}},"type":"if","locations":[{"start":{"line":54,"column":10},"end":{"line":54,"column":50}},{"start":{"line":54,"column":10},"end":{"line":54,"column":50}}],"line":54},"10":{"loc":{"start":{"line":65,"column":10},"end":{"line":67,"column":11}},"type":"if","locations":[{"start":{"line":65,"column":10},"end":{"line":67,"column":11}},{"start":{"line":65,"column":10},"end":{"line":67,"column":11}}],"line":65},"11":{"loc":{"start":{"line":65,"column":14},"end":{"line":65,"column":68}},"type":"binary-expr","locations":[{"start":{"line":65,"column":14},"end":{"line":65,"column":40}},{"start":{"line":65,"column":44},"end":{"line":65,"column":68}}],"line":65},"12":{"loc":{"start":{"line":69,"column":10},"end":{"line":71,"column":11}},"type":"if","locations":[{"start":{"line":69,"column":10},"end":{"line":71,"column":11}},{"start":{"line":69,"column":10},"end":{"line":71,"column":11}}],"line":69},"13":{"loc":{"start":{"line":92,"column":19},"end":{"line":92,"column":119}},"type":"binary-expr","locations":[{"start":{"line":92,"column":19},"end":{"line":92,"column":48}},{"start":{"line":92,"column":52},"end":{"line":92,"column":92}},{"start":{"line":92,"column":96},"end":{"line":92,"column":119}}],"line":92},"14":{"loc":{"start":{"line":95,"column":10},"end":{"line":105,"column":11}},"type":"if","locations":[{"start":{"line":95,"column":10},"end":{"line":105,"column":11}},{"start":{"line":95,"column":10},"end":{"line":105,"column":11}}],"line":95},"15":{"loc":{"start":{"line":98,"column":12},"end":{"line":101,"column":13}},"type":"if","locations":[{"start":{"line":98,"column":12},"end":{"line":101,"column":13}},{"start":{"line":98,"column":12},"end":{"line":101,"column":13}}],"line":98},"16":{"loc":{"start":{"line":116,"column":10},"end":{"line":118,"column":11}},"type":"if","locations":[{"start":{"line":116,"column":10},"end":{"line":118,"column":11}},{"start":{"line":116,"column":10},"end":{"line":118,"column":11}}],"line":116},"17":{"loc":{"start":{"line":116,"column":14},"end":{"line":116,"column":70}},"type":"binary-expr","locations":[{"start":{"line":116,"column":14},"end":{"line":116,"column":41}},{"start":{"line":116,"column":45},"end":{"line":116,"column":70}}],"line":116},"18":{"loc":{"start":{"line":120,"column":10},"end":{"line":122,"column":11}},"type":"if","locations":[{"start":{"line":120,"column":10},"end":{"line":122,"column":11}},{"start":{"line":120,"column":10},"end":{"line":122,"column":11}}],"line":120},"19":{"loc":{"start":{"line":143,"column":19},"end":{"line":143,"column":88}},"type":"binary-expr","locations":[{"start":{"line":143,"column":19},"end":{"line":143,"column":45}},{"start":{"line":143,"column":49},"end":{"line":143,"column":88}}],"line":143},"20":{"loc":{"start":{"line":146,"column":10},"end":{"line":146,"column":46}},"type":"if","locations":[{"start":{"line":146,"column":10},"end":{"line":146,"column":46}},{"start":{"line":146,"column":10},"end":{"line":146,"column":46}}],"line":146},"21":{"loc":{"start":{"line":157,"column":10},"end":{"line":159,"column":11}},"type":"if","locations":[{"start":{"line":157,"column":10},"end":{"line":159,"column":11}},{"start":{"line":157,"column":10},"end":{"line":159,"column":11}}],"line":157},"22":{"loc":{"start":{"line":157,"column":14},"end":{"line":157,"column":70}},"type":"binary-expr","locations":[{"start":{"line":157,"column":14},"end":{"line":157,"column":41}},{"start":{"line":157,"column":45},"end":{"line":157,"column":70}}],"line":157},"23":{"loc":{"start":{"line":161,"column":10},"end":{"line":163,"column":11}},"type":"if","locations":[{"start":{"line":161,"column":10},"end":{"line":163,"column":11}},{"start":{"line":161,"column":10},"end":{"line":163,"column":11}}],"line":161},"24":{"loc":{"start":{"line":182,"column":8},"end":{"line":184,"column":9}},"type":"if","locations":[{"start":{"line":182,"column":8},"end":{"line":184,"column":9}},{"start":{"line":182,"column":8},"end":{"line":184,"column":9}}],"line":182},"25":{"loc":{"start":{"line":187,"column":6},"end":{"line":191,"column":7}},"type":"if","locations":[{"start":{"line":187,"column":6},"end":{"line":191,"column":7}},{"start":{"line":187,"column":6},"end":{"line":191,"column":7}}],"line":187},"26":{"loc":{"start":{"line":202,"column":12},"end":{"line":220,"column":13}},"type":"switch","locations":[{"start":{"line":203,"column":14},"end":{"line":215,"column":58}},{"start":{"line":217,"column":14},"end":{"line":217,"column":21}},{"start":{"line":218,"column":14},"end":{"line":219,"column":39}}],"line":202},"27":{"loc":{"start":{"line":204,"column":16},"end":{"line":208,"column":17}},"type":"if","locations":[{"start":{"line":204,"column":16},"end":{"line":208,"column":17}},{"start":{"line":204,"column":16},"end":{"line":208,"column":17}}],"line":204},"28":{"loc":{"start":{"line":211,"column":25},"end":{"line":211,"column":77}},"type":"cond-expr","locations":[{"start":{"line":211,"column":53},"end":{"line":211,"column":73}},{"start":{"line":211,"column":76},"end":{"line":211,"column":77}}],"line":211}},"s":{"0":1,"1":1,"2":1,"3":1,"4":1,"5":2,"6":1,"7":1,"8":1,"9":0,"10":0,"11":1,"12":1,"13":0,"14":1,"15":1,"16":1,"17":1,"18":1,"19":1,"20":0,"21":1,"22":2,"23":0,"24":1,"25":1,"26":6,"27":6,"28":6,"29":6,"30":6,"31":6,"32":1,"33":1,"34":1,"35":0,"36":1,"37":1,"38":1,"39":1,"40":1,"41":1,"42":1,"43":1,"44":1,"45":1,"46":1,"47":1,"48":1,"49":1,"50":1,"51":1,"52":1,"53":1,"54":1,"55":1,"56":1,"57":0,"58":0,"59":1,"60":1,"61":0,"62":1,"63":0,"64":1,"65":1,"66":1,"67":1,"68":1,"69":1,"70":1,"71":1,"72":1,"73":1,"74":1,"75":1,"76":1,"77":1,"78":1,"79":1,"80":1,"81":1,"82":1,"83":1,"84":1,"85":0,"86":0,"87":1,"88":1,"89":0,"90":1,"91":0,"92":1,"93":1,"94":1,"95":1,"96":1,"97":1,"98":1,"99":1,"100":1,"101":1,"102":1,"103":1,"104":0,"105":1,"106":1,"107":1,"108":0,"109":0,"110":1,"111":1,"112":0,"113":1,"114":0,"115":1,"116":4,"117":4,"118":2,"119":1,"120":1,"121":2,"122":1,"123":1,"124":1,"125":1,"126":2,"127":2,"128":1,"129":0,"130":1,"131":1,"132":1,"133":1,"134":1,"135":1,"136":1,"137":1,"138":1,"139":1,"140":1,"141":1,"142":1,"143":1,"144":1,"145":1},"f":{"0":2,"1":1,"2":1,"3":1,"4":1,"5":1,"6":0,"7":2,"8":1,"9":1,"10":1,"11":1,"12":1,"13":1,"14":1,"15":1,"16":1,"17":1,"18":1,"19":1,"20":1,"21":4,"22":4,"23":2,"24":1,"25":1,"26":2,"27":1,"28":1},"b":{"0":[2,0],"1":[2,2],"2":[1,0],"3":[0,2],"4":[6,6],"5":[6,0],"6":[1,0],"7":[0,1],"8":[1,1],"9":[1,0],"10":[0,1],"11":[1,0],"12":[0,1],"13":[1,1,1],"14":[1,0],"15":[1,0],"16":[0,1],"17":[1,0],"18":[0,1],"19":[1,1],"20":[0,1],"21":[0,1],"22":[1,0],"23":[0,1],"24":[1,0],"25":[1,1],"26":[1,0,1],"27":[0,1],"28":[0,1]},"_coverageSchema":"43e27e138ebf9cfc5966b082cf9a028302ed4184","hash":"e4995e825e04074dfb2e3fbf209d0b6ac6d64a71","contentHash":"f3a4a08b1ebd90fba4efea1f1f4094c73e8bb72e32d80f93f1e37052016131ae"},"E:\\courses\\andela challenge\\new\\Epic_Mail\\server\\routes\\v2\\user.js":{"path":"E:\\courses\\andela challenge\\new\\Epic_Mail\\server\\routes\\v2\\user.js","statementMap":{"0":{"start":{"line":3,"column":0},"end":{"line":5,"column":3}},"1":{"start":{"line":6,"column":0},"end":{"line":6,"column":25}},"2":{"start":{"line":8,"column":15},"end":{"line":8,"column":57}},"3":{"start":{"line":10,"column":12},"end":{"line":10,"column":72}},"4":{"start":{"line":12,"column":39},"end":{"line":12,"column":93}},"5":{"start":{"line":14,"column":18},"end":{"line":14,"column":43}},"6":{"start":{"line":16,"column":0},"end":{"line":16,"column":48}},"7":{"start":{"line":17,"column":0},"end":{"line":17,"column":48}},"8":{"start":{"line":18,"column":15},"end":{"line":18,"column":26}},"9":{"start":{"line":19,"column":0},"end":{"line":19,"column":27}}},"fnMap":{"0":{"name":"_interopRequireDefault","decl":{"start":{"line":12,"column":9},"end":{"line":12,"column":31}},"loc":{"start":{"line":12,"column":37},"end":{"line":12,"column":95}},"line":12}},"branchMap":{"0":{"loc":{"start":{"line":12,"column":46},"end":{"line":12,"column":92}},"type":"cond-expr","locations":[{"start":{"line":12,"column":70},"end":{"line":12,"column":73}},{"start":{"line":12,"column":76},"end":{"line":12,"column":92}}],"line":12},"1":{"loc":{"start":{"line":12,"column":46},"end":{"line":12,"column":67}},"type":"binary-expr","locations":[{"start":{"line":12,"column":46},"end":{"line":12,"column":49}},{"start":{"line":12,"column":53},"end":{"line":12,"column":67}}],"line":12}},"s":{"0":1,"1":1,"2":1,"3":1,"4":2,"5":1,"6":1,"7":1,"8":1,"9":1},"f":{"0":2},"b":{"0":[1,1],"1":[2,2]},"_coverageSchema":"43e27e138ebf9cfc5966b082cf9a028302ed4184","hash":"3e4d86b9ededde1c7c6186c39062ea98a3eb0ef7","contentHash":"5be336533989e318cf7e6602083b9f7d5943000a36a390f4c9450f251b9e9b4d"},"E:\\courses\\andela challenge\\new\\Epic_Mail\\server\\controllers\\v2\\user.js":{"path":"E:\\courses\\andela challenge\\new\\Epic_Mail\\server\\controllers\\v2\\user.js","statementMap":{"0":{"start":{"line":3,"column":0},"end":{"line":5,"column":3}},"1":{"start":{"line":6,"column":0},"end":{"line":6,"column":25}},"2":{"start":{"line":8,"column":17},"end":{"line":8,"column":78}},"3":{"start":{"line":10,"column":10},"end":{"line":10,"column":56}},"4":{"start":{"line":12,"column":14},"end":{"line":12,"column":55}},"5":{"start":{"line":14,"column":20},"end":{"line":14,"column":67}},"6":{"start":{"line":16,"column":39},"end":{"line":16,"column":93}},"7":{"start":{"line":18,"column":50},"end":{"line":18,"column":151}},"8":{"start":{"line":18,"column":92},"end":{"line":18,"column":149}},"9":{"start":{"line":20,"column":44},"end":{"line":20,"column":315}},"10":{"start":{"line":20,"column":57},"end":{"line":20,"column":58}},"11":{"start":{"line":20,"column":102},"end":{"line":20,"column":110}},"12":{"start":{"line":20,"column":112},"end":{"line":20,"column":167}},"13":{"start":{"line":20,"column":168},"end":{"line":20,"column":199}},"14":{"start":{"line":20,"column":200},"end":{"line":20,"column":254}},"15":{"start":{"line":20,"column":227},"end":{"line":20,"column":254}},"16":{"start":{"line":20,"column":255},"end":{"line":20,"column":313}},"17":{"start":{"line":22,"column":62},"end":{"line":22,"column":131}},"18":{"start":{"line":22,"column":78},"end":{"line":22,"column":131}},"19":{"start":{"line":22,"column":132},"end":{"line":22,"column":193}},"20":{"start":{"line":22,"column":149},"end":{"line":22,"column":193}},"21":{"start":{"line":22,"column":194},"end":{"line":22,"column":213}},"22":{"start":{"line":26,"column":0},"end":{"line":131,"column":3}},"23":{"start":{"line":28,"column":4},"end":{"line":28,"column":42}},"24":{"start":{"line":31,"column":2},"end":{"line":128,"column":6}},"25":{"start":{"line":34,"column":18},"end":{"line":34,"column":32}},"26":{"start":{"line":36,"column":21},"end":{"line":36,"column":62}},"27":{"start":{"line":38,"column":6},"end":{"line":43,"column":7}},"28":{"start":{"line":39,"column":8},"end":{"line":42,"column":11}},"29":{"start":{"line":46,"column":16},"end":{"line":46,"column":54}},"30":{"start":{"line":47,"column":6},"end":{"line":80,"column":9}},"31":{"start":{"line":48,"column":8},"end":{"line":50,"column":9}},"32":{"start":{"line":49,"column":10},"end":{"line":49,"column":27}},"33":{"start":{"line":52,"column":8},"end":{"line":79,"column":9}},"34":{"start":{"line":53,"column":10},"end":{"line":73,"column":13}},"35":{"start":{"line":54,"column":12},"end":{"line":72,"column":13}},"36":{"start":{"line":55,"column":14},"end":{"line":58,"column":17}},"37":{"start":{"line":60,"column":26},"end":{"line":60,"column":101}},"38":{"start":{"line":61,"column":30},"end":{"line":61,"column":38}},"39":{"start":{"line":62,"column":25},"end":{"line":62,"column":39}},"40":{"start":{"line":63,"column":27},"end":{"line":63,"column":42}},"41":{"start":{"line":64,"column":27},"end":{"line":64,"column":47}},"42":{"start":{"line":65,"column":14},"end":{"line":71,"column":17}},"43":{"start":{"line":66,"column":16},"end":{"line":68,"column":17}},"44":{"start":{"line":67,"column":18},"end":{"line":67,"column":35}},"45":{"start":{"line":70,"column":16},"end":{"line":70,"column":59}},"46":{"start":{"line":75,"column":10},"end":{"line":78,"column":13}},"47":{"start":{"line":85,"column":21},"end":{"line":85,"column":62}},"48":{"start":{"line":87,"column":6},"end":{"line":92,"column":7}},"49":{"start":{"line":88,"column":8},"end":{"line":91,"column":11}},"50":{"start":{"line":94,"column":23},"end":{"line":94,"column":31}},"51":{"start":{"line":95,"column":18},"end":{"line":95,"column":34}},"52":{"start":{"line":96,"column":21},"end":{"line":96,"column":40}},"53":{"start":{"line":98,"column":6},"end":{"line":126,"column":9}},"54":{"start":{"line":99,"column":8},"end":{"line":125,"column":9}},"55":{"start":{"line":100,"column":10},"end":{"line":103,"column":13}},"56":{"start":{"line":105,"column":22},"end":{"line":105,"column":60}},"57":{"start":{"line":106,"column":23},"end":{"line":106,"column":30}},"58":{"start":{"line":107,"column":10},"end":{"line":124,"column":13}},"59":{"start":{"line":108,"column":12},"end":{"line":108,"column":38}},"60":{"start":{"line":108,"column":21},"end":{"line":108,"column":38}},"61":{"start":{"line":109,"column":12},"end":{"line":112,"column":15}},"62":{"start":{"line":109,"column":38},"end":{"line":112,"column":15}},"63":{"start":{"line":114,"column":26},"end":{"line":114,"column":88}},"64":{"start":{"line":116,"column":12},"end":{"line":123,"column":13}},"65":{"start":{"line":117,"column":14},"end":{"line":117,"column":57}},"66":{"start":{"line":119,"column":14},"end":{"line":122,"column":17}},"67":{"start":{"line":130,"column":2},"end":{"line":130,"column":24}},"68":{"start":{"line":133,"column":0},"end":{"line":133,"column":33}},"69":{"start":{"line":137,"column":0},"end":{"line":162,"column":3}},"70":{"start":{"line":139,"column":4},"end":{"line":139,"column":34}},"71":{"start":{"line":142,"column":2},"end":{"line":159,"column":6}},"72":{"start":{"line":145,"column":18},"end":{"line":150,"column":8}},"73":{"start":{"line":152,"column":6},"end":{"line":157,"column":9}},"74":{"start":{"line":161,"column":2},"end":{"line":161,"column":16}}},"fnMap":{"0":{"name":"_interopRequireDefault","decl":{"start":{"line":16,"column":9},"end":{"line":16,"column":31}},"loc":{"start":{"line":16,"column":37},"end":{"line":16,"column":95}},"line":16},"1":{"name":"_classCallCheck","decl":{"start":{"line":18,"column":9},"end":{"line":18,"column":24}},"loc":{"start":{"line":18,"column":48},"end":{"line":18,"column":153}},"line":18},"2":{"name":"_defineProperties","decl":{"start":{"line":20,"column":9},"end":{"line":20,"column":26}},"loc":{"start":{"line":20,"column":42},"end":{"line":20,"column":317}},"line":20},"3":{"name":"_createClass","decl":{"start":{"line":22,"column":9},"end":{"line":22,"column":21}},"loc":{"start":{"line":22,"column":60},"end":{"line":22,"column":215}},"line":22},"4":{"name":"(anonymous_4)","decl":{"start":{"line":26,"column":0},"end":{"line":26,"column":1}},"loc":{"start":{"line":26,"column":12},"end":{"line":131,"column":1}},"line":26},"5":{"name":"UserController","decl":{"start":{"line":27,"column":11},"end":{"line":27,"column":25}},"loc":{"start":{"line":27,"column":28},"end":{"line":29,"column":3}},"line":27},"6":{"name":"save","decl":{"start":{"line":33,"column":20},"end":{"line":33,"column":24}},"loc":{"start":{"line":33,"column":41},"end":{"line":81,"column":5}},"line":33},"7":{"name":"(anonymous_7)","decl":{"start":{"line":47,"column":37},"end":{"line":47,"column":38}},"loc":{"start":{"line":47,"column":60},"end":{"line":80,"column":7}},"line":47},"8":{"name":"(anonymous_8)","decl":{"start":{"line":53,"column":54},"end":{"line":53,"column":55}},"loc":{"start":{"line":53,"column":75},"end":{"line":73,"column":11}},"line":53},"9":{"name":"(anonymous_9)","decl":{"start":{"line":65,"column":46},"end":{"line":65,"column":47}},"loc":{"start":{"line":65,"column":69},"end":{"line":71,"column":15}},"line":65},"10":{"name":"login","decl":{"start":{"line":84,"column":20},"end":{"line":84,"column":25}},"loc":{"start":{"line":84,"column":42},"end":{"line":127,"column":5}},"line":84},"11":{"name":"(anonymous_11)","decl":{"start":{"line":98,"column":50},"end":{"line":98,"column":51}},"loc":{"start":{"line":98,"column":71},"end":{"line":126,"column":7}},"line":98},"12":{"name":"(anonymous_12)","decl":{"start":{"line":107,"column":42},"end":{"line":107,"column":43}},"loc":{"start":{"line":107,"column
[...]
"start":{"line":57,"column":46},"end":{"line":57,"column":47}},"loc":{"start":{"line":57,"column":65},"end":{"line":59,"column":11}},"line":57},"16":{"name":"getUnreadEmail","decl":{"start":{"line":86,"column":20},"end":{"line":86,"column":34}},"loc":{"start":{"line":86,"column":43},"end":{"line":134,"column":5}},"line":86},"17":{"name":"_loop2","decl":{"start":{"line":95,"column":30},"end":{"line":95,"column":36}},"loc":{"start":{"line":95,"column":39},"end":{"line":113,"column":9}},"line":95},"18":{"name":"(anonymous_18)","decl":{"start":{"line":98,"column":47},"end":{"line":98,"column":48}},"loc":{"start":{"line":98,"column":66},"end":{"line":100,"column":11}},"line":98},"19":{"name":"getSentEmail","decl":{"start":{"line":137,"column":20},"end":{"line":137,"column":32}},"loc":{"start":{"line":137,"column":41},"end":{"line":175,"column":5}},"line":137},"20":{"name":"_loop3","decl":{"start":{"line":146,"column":30},"end":{"line":146,"column":36}},"loc":{"start":{"line":146,"column":39},"end":{"line":154,"column":9}},"line":146},"21":{"name":"(anonymous_21)","decl":{"start":{"line":149,"column":47},"end":{"line":149,"column":48}},"loc":{"start":{"line":149,"column":66},"end":{"line":151,"column":11}},"line":149},"22":{"name":"getMessage","decl":{"start":{"line":178,"column":20},"end":{"line":178,"column":30}},"loc":{"start":{"line":178,"column":35},"end":{"line":182,"column":5}},"line":178},"23":{"name":"(anonymous_23)","decl":{"start":{"line":179,"column":36},"end":{"line":179,"column":37}},"loc":{"start":{"line":179,"column":55},"end":{"line":181,"column":7}},"line":179},"24":{"name":"deleteMessage","decl":{"start":{"line":185,"column":20},"end":{"line":185,"column":33}},"loc":{"start":{"line":185,"column":38},"end":{"line":199,"column":5}},"line":185},"25":{"name":"(anonymous_25)","decl":{"start":{"line":202,"column":11},"end":{"line":202,"column":12}},"loc":{"start":{"line":202,"column":23},"end":{"line":237,"column":5}},"line":202},"26":{"name":"_callee","decl":{"start":{"line":205,"column":39},"end":{"line":205,"column":46}},"loc":{"start":{"line":205,"column":53},"end":{"line":230,"column":7}},"line":205},"27":{"name":"_callee$","decl":{"start":{"line":207,"column":48},"end":{"line":207,"column":56}},"loc":{"start":{"line":207,"column":67},"end":{"line":229,"column":9}},"line":207},"28":{"name":"createMessage","decl":{"start":{"line":232,"column":15},"end":{"line":232,"column":28}},"loc":{"start":{"line":232,"column":33},"end":{"line":234,"column":7}},"line":232},"29":{"name":"create","decl":{"start":{"line":240,"column":20},"end":{"line":240,"column":26}},"loc":{"start":{"line":240,"column":43},"end":{"line":295,"column":5}},"line":240},"30":{"name":"(anonymous_30)","decl":{"start":{"line":259,"column":38},"end":{"line":259,"column":39}},"loc":{"start":{"line":259,"column":60},"end":{"line":294,"column":7}},"line":259},"31":{"name":"(anonymous_31)","decl":{"start":{"line":275,"column":40},"end":{"line":275,"column":41}},"loc":{"start":{"line":275,"column":63},"end":{"line":293,"column":9}},"line":275},"32":{"name":"received","decl":{"start":{"line":298,"column":20},"end":{"line":298,"column":28}},"loc":{"start":{"line":298,"column":45},"end":{"line":316,"column":5}},"line":298},"33":{"name":"(anonymous_33)","decl":{"start":{"line":302,"column":38},"end":{"line":302,"column":39}},"loc":{"start":{"line":302,"column":61},"end":{"line":315,"column":7}},"line":302},"34":{"name":"unread","decl":{"start":{"line":319,"column":20},"end":{"line":319,"column":26}},"loc":{"start":{"line":319,"column":43},"end":{"line":337,"column":5}},"line":319},"35":{"name":"(anonymous_35)","decl":{"start":{"line":323,"column":38},"end":{"line":323,"column":39}},"loc":{"start":{"line":323,"column":61},"end":{"line":336,"column":7}},"line":323},"36":{"name":"sent","decl":{"start":{"line":340,"column":20},"end":{"line":340,"column":24}},"loc":{"start":{"line":340,"column":41},"end":{"line":384,"column":5}},"line":340},"37":{"name":"(anonymous_37)","decl":{"start":{"line":344,"column":38},"end":{"line":344,"column":39}},"loc":{"start":{"line":344,"column":61},"end":{"line":383,"column":7}},"line":344},"38":{"name":"find","decl":{"start":{"line":387,"column":20},"end":{"line":387,"column":24}},"loc":{"start":{"line":387,"column":41},"end":{"line":426,"column":5}},"line":387},"39":{"name":"(anonymous_39)","decl":{"start":{"line":400,"column":38},"end":{"line":400,"column":39}},"loc":{"start":{"line":400,"column":61},"end":{"line":425,"column":7}},"line":400},"40":{"name":"(anonymous_40)","decl":{"start":{"line":410,"column":43},"end":{"line":410,"column":44}},"loc":{"start":{"line":410,"column":66},"end":{"line":423,"column":11}},"line":410},"41":{"name":"SentMessage","decl":{"start":{"line":434,"column":27},"end":{"line":434,"column":38}},"loc":{"start":{"line":434,"column":81},"end":{"line":438,"column":1}},"line":434}},"branchMap":{"0":{"loc":{"start":{"line":16,"column":46},"end":{"line":16,"column":92}},"type":"cond-expr","locations":[{"start":{"line":16,"column":70},"end":{"line":16,"column":73}},{"start":{"line":16,"column":76},"end":{"line":16,"column":92}}],"line":16},"1":{"loc":{"start":{"line":16,"column":46},"end":{"line":16,"column":67}},"type":"binary-expr","locations":[{"start":{"line":16,"column":46},"end":{"line":16,"column":49}},{"start":{"line":16,"column":53},"end":{"line":16,"column":67}}],"line":16},"2":{"loc":{"start":{"line":18,"column":176},"end":{"line":18,"column":263}},"type":"if","locations":[{"start":{"line":18,"column":176},"end":{"line":18,"column":263}},{"start":{"line":18,"column":176},"end":{"line":18,"column":263}}],"line":18},"3":{"loc":{"start":{"line":22,"column":50},"end":{"line":22,"column":151}},"type":"if","locations":[{"start":{"line":22,"column":50},"end":{"line":22,"column":151}},{"start":{"line":22,"column":50},"end":{"line":22,"column":151}}],"line":22},"4":{"loc":{"start":{"line":24,"column":136},"end":{"line":24,"column":166}},"type":"binary-expr","locations":[{"start":{"line":24,"column":136},"end":{"line":24,"column":157}},{"start":{"line":24,"column":161},"end":{"line":24,"column":166}}],"line":24},"5":{"loc":{"start":{"line":24,"column":200},"end":{"line":24,"column":254}},"type":"if","locations":[{"start":{"line":24,"column":200},"end":{"line":24,"column":254}},{"start":{"line":24,"column":200},"end":{"line":24,"column":254}}],"line":24},"6":{"loc":{"start":{"line":26,"column":62},"end":{"line":26,"column":131}},"type":"if","locations":[{"start":{"line":26,"column":62},"end":{"line":26,"column":131}},{"start":{"line":26,"column":62},"end":{"line":26,"column":131}}],"line":26},"7":{"loc":{"start":{"line":26,"column":132},"end":{"line":26,"column":193}},"type":"if","locations":[{"start":{"line":26,"column":132},"end":{"line":26,"column":193}},{"start":{"line":26,"column":132},"end":{"line":26,"column":193}}],"line":26},"8":{"loc":{"start":{"line":58,"column":19},"end":{"line":58,"column":78}},"type":"binary-expr","locations":[{"start":{"line":58,"column":19},"end":{"line":58,"column":48}},{"start":{"line":58,"column":52},"end":{"line":58,"column":78}}],"line":58},"9":{"loc":{"start":{"line":61,"column":10},"end":{"line":61,"column":50}},"type":"if","locations":[{"start":{"line":61,"column":10},"end":{"line":61,"column":50}},{"start":{"line":61,"column":10},"end":{"line":61,"column":50}}],"line":61},"10":{"loc":{"start":{"line":72,"column":10},"end":{"line":74,"column":11}},"type":"if","locations":[{"start":{"line":72,"column":10},"end":{"line":74,"column":11}},{"start":{"line":72,"column":10},"end":{"line":74,"column":11}}],"line":72},"11":{"loc":{"start":{"line":72,"column":14},"end":{"line":72,"column":68}},"type":"binary-expr","locations":[{"start":{"line":72,"column":14},"end":{"line":72,"column":40}},{"start":{"line":72,"column":44},"end":{"line":72,"column":68}}],"line":72},"12":{"loc":{"start":{"line":76,"column":10},"end":{"line":78,"column":11}},"type":"if","locations":[{"start":{"line":76,"column":10},"end":{"line":78,"column":11}},{"start":{"line":76,"column":10},"end":{"line":78,"column":11}}],"line":76},"13":{"loc":{"start":{"line":99,"column":19},"end":{"line":99,"column":119}},"type":"binary-expr","locations":[{"start":{"line":99,"column":19},"end":{"line":99,"column":48}},{"start":{"line":99,"column":52},"end":{"line":99,"column":92}},{"start":{"line":99,"column":96},"end":{"line":99,"column":119}}],"line":99},"14":{"loc":{"start":{"line":102,"column":10},"end":{"line":112,"column":11}},"type":"if","locations":[{"start":{"line":102,"column":10},"end":{"line":112,"column":11}},{"start":{"line":102,"column":10},"end":{"line":112,"column":11}}],"line":102},"15":{"loc":{"start":{"line":105,"column":12},"end":{"line":108,"column":13}},"type":"if","locations":[{"start":{"line":105,"column":12},"end":{"line":108,"column":13}},{"start":{"line":105,"column":12},"end":{"line":108,"column":13}}],"line":105},"16":{"loc":{"start":{"line":123,"column":10},"end":{"line":125,"column":11}},"type":"if","locations":[{"start":{"line":123,"column":10},"end":{"line":125,"column":11}},{"start":{"line":123,"column":10},"end":{"line":125,"column":11}}],"line":123},"17":{"loc":{"start":{"line":123,"column":14},"end":{"line":123,"column":70}},"type":"binary-expr","locations":[{"start":{"line":123,"column":14},"end":{"line":123,"column":41}},{"start":{"line":123,"column":45},"end":{"line":123,"column":70}}],"line":123},"18":{"loc":{"start":{"line":127,"column":10},"end":{"line":129,"column":11}},"type":"if","locations":[{"start":{"line":127,"column":10},"end":{"line":129,"column":11}},{"start":{"line":127,"column":10},"end":{"line":129,"column":11}}],"line":127},"19":{"loc":{"start":{"line":150,"column":19},"end":{"line":150,"column":88}},"type":"binary-expr","locations":[{"start":{"line":150,"column":19},"end":{"line":150,"column":45}},{"start":{"line":150,"column":49},"end":{"line":150,"column":88}}],"line":150},"20":{"loc":{"start":{"line":153,"column":10},"end":{"line":153,"column":46}},"type":"if","locations":[{"start":{"line":153,"column":10},"end":{"line":153,"column":46}},{"start":{"line":153,"column":10},"end":{"line":153,"column":46}}],"line":153},"21":{"loc":{"start":{"line":164,"column":10},"end":{"line":166,"column":11}},"type":"if","locations":[{"start":{"line":164,"column":10},"end":{"line":166,"column":11}},{"start":{"line":164,"column":10},"end":{"line":166,"column":11}}],"line":164},"22":{"loc":{"start":{"line":164,"column":14},"end":{"line":164,"column":70}},"type":"binary-expr","locations":[{"start":{"line":164,"column":14},"end":{"line":164,"column":41}},{"start":{"line":164,"column":45},"end":{"line":164,"column":70}}],"line":164},"23":{"loc":{"start":{"line":168,"column":10},"end":{"line":170,"column":11}},"type":"if","locations":[{"start":{"line":168,"column":10},"end":{"line":170,"column":11}},{"start":{"line":168,"column":10},"end":{"line":170,"column":11}}],"line":168},"24":{"loc":{"start":{"line":189,"column":8},"end":{"line":191,"column":9}},"type":"if","locations":[{"start":{"line":189,"column":8},"end":{"line":191,"column":9}},{"start":{"line":189,"column":8},"end":{"line":191,"column":9}}],"line":189},"25":{"loc":{"start":{"line":194,"column":6},"end":{"line":198,"column":7}},"type":"if","locations":[{"start":{"line":194,"column":6},"end":{"line":198,"column":7}},{"start":{"line":194,"column":6},"end":{"line":198,"column":7}}],"line":194},"26":{"loc":{"start":{"line":209,"column":12},"end":{"line":227,"column":13}},"type":"switch","locations":[{"start":{"line":210,"column":14},"end":{"line":222,"column":58}},{"start":{"line":224,"column":14},"end":{"line":224,"column":21}},{"start":{"line":225,"column":14},"end":{"line":226,"column":39}}],"line":209},"27":{"loc":{"start":{"line":211,"column":16},"end":{"line":215,"column":17}},"type":"if","locations":[{"start":{"line":211,"column":16},"end":{"line":215,"column":17}},{"start":{"line":211,"column":16},"end":{"line":215,"column":17}}],"line":211},"28":{"loc":{"start":{"line":218,"column":25},"end":{"line":218,"column":77}},"type":"cond-expr","locations":[{"start":{"line":218,"column":53},"end":{"line":218,"column":73}},{"start":{"line":218,"column":76},"end":{"line":218,"column":77}}],"line":218},"29":{"loc":{"start":{"line":243,"column":6},"end":{"line":248,"column":7}},"type":"if","locations":[{"start":{"line":243,"column":6},"end":{"line":248,"column":7}},{"start":{"line":243,"column":6},"end":{"line":248,"column":7}}],"line":243},"30":{"loc":{"start":{"line":260,"column":8},"end":{"line":260,"column":34}},"type":"if","locations":[{"start":{"line":260,"column":8},"end":{"line":260,"column":34}},{"start":{"line":260,"column":8},"end":{"line":260,"column":34}}],"line":260},"31":{"loc":{"start":{"line":261,"column":8},"end":{"line":264,"column":11}},"type":"if","locations":[{"start":{"line":261,"column":8},"end":{"line":264,"column":11}},{"start":{"line":261,"column":8},"end":{"line":264,"column":11}}],"line":261},"32":{"loc":{"start":{"line":270,"column":8},"end":{"line":272,"column":9}},"type":"if","locations":[{"start":{"line":270,"column":8},"end":{"line":272,"column":9}},{"start":{"line":270,"column":8},"end":{"line":272,"column":9}}],"line":270},"33":{"loc":{"start":{"line":276,"column":10},"end":{"line":276,"column":36}},"type":"if","locations":[{"start":{"line":276,"column":10},"end":{"line":276,"column":36}},{"start":{"line":276,"column":10},"end":{"line":276,"column":36}}],"line":276},"34":{"loc":{"start":{"line":278,"column":10},"end":{"line":292,"column":11}},"type":"if","locations":[{"start":{"line":278,"column":10},"end":{"line":292,"column":11}},{"start":{"line":278,"column":10},"end":{"line":292,"column":11}}],"line":278},"35":{"loc":{"start":{"line":303,"column":8},"end":{"line":303,"column":34}},"type":"if","locations":[{"start":{"line":303,"column":8},"end":{"line":303,"column":34}},{"start":{"line":303,"column":8},"end":{"line":303,"column":34}}],"line":303},"36":{"loc":{"start":{"line":305,"column":8},"end":{"line":314,"column":9}},"type":"if","locations":[{"start":{"line":305,"column":8},"end":{"line":314,"column":9}},{"start":{"line":305,"column":8},"end":{"line":314,"column":9}}],"line":305},"37":{"loc":{"start":{"line":324,"column":8},"end":{"line":324,"column":34}},"type":"if","locations":[{"start":{"line":324,"column":8},"end":{"line":324,"column":34}},{"start":{"line":324,"column":8},"end":{"line":324,"column":34}}],"line":324},"38":{"loc":{"start":{"line":326,"column":8},"end":{"line":335,"column":9}},"type":"if","locations":[{"start":{"line":326,"column":8},"end":{"line":335,"column":9}},{"start":{"line":326,"column":8},"end":{"line":335,"column":9}}],"line":326},"39":{"loc":{"start":{"line":345,"column":8},"end":{"line":345,"column":34}},"type":"if","locations":[{"start":{"line":345,"column":8},"end":{"line":345,"column":34}},{"start":{"line":345,"column":8},"end":{"line":345,"column":34}}],"line":345},"40":{"loc":{"start":{"line":347,"column":8},"end":{"line":382,"column":9}},"type":"if","locations":[{"start":{"line":347,"column":8},"end":{"line":382,"column":9}},{"start":{"line":347,"column":8},"end":{"line":382,"column":9}}],"line":347},"41":{"loc":{"start":{"line":364,"column":14},"end":{"line":366,"column":15}},"type":"if","locations":[{"start":{"line":364,"column":14},"end":{"line":366,"column":15}},{"start":{"line":364,"column":14},"end":{"line":366,"column":15}}],"line":364},"42":{"loc":{"start":{"line":364,"column":18},"end":{"line":364,"column":74}},"type":"binary-expr","locations":[{"start":{"line":364,"column":18},"end":{"line":364,"column":45}},{"start":{"line":364,"column":49},"end":{"line":364,"column":74}}],"line":364},"43":{"loc":{"start":{"line":368,"column":14},"end":{"line":370,"column":15}},"type":"if","locations":[{"start":{"line":368,"column":14},"end":{"line":370,"column":15}},{"start":{"line":368,"column":14},"end":{"line":370,"column":15}}],"line":368},"44":{"loc":{"start":{"line":390,"column":6},"end":{"line":395,"column":7}},"type":"if","locations":[{"start":{"line":390,"column":6},"end":{"line":395,"column":7}},{"start":{"line":390,"column":6},"end":{"line":395,"column":7}}],"line":390},"45":{"loc":{"start":{"line":401,"column":8},"end":{"line":401,"column":34}},"type":"if","locations":[{"start":{"line":401,"column":8},"end":{"line":401,"column":34}},{"start":{"line":401,"column":8},"end":{"line":401,"column":34}}],"line":401},"46":{"loc":{"start":{"line":403,"column":8},"end":{"line":424,"column":9}},"type":"if","locations":[{"start":{"line":403,"column":8},"end":{"line":424,"column":9}},{"start":{"line":403,"column":8},"end":{"line":424,"column":9}}],"line":403},"47":{"loc":{"start":{"line":411,"column":12},"end":{"line":411,"column":38}},"type":"if","locations":[{"start":{"line":411,"column":12},"end":{"line":411,"column":38}},{"start":{"line":411,"column":12},"end":{"line":411,"column":38}}],"line":411},"48":{"loc":{"start":{"line":413,"column":12},"end":{"line":422,"column":13}},"type":"if","locations":[{"start":{"line":413,"column":12},"end":{"line":422,"column":13}},{"start":{"line":413,"column":12},"end":{"line":422,"column":13}}],"line":413}},"s":{"0":1,"1":1,"2":1,"3":1,"4":1,"5":1,"6":3,"7":0,"8":0,"9":0,"10":0,"11":0,"12":0,"13":0,"14":0,"15":1,"16":0,"17":0,"18":0,"19":0,"20":0,"21":0,"22":0,"23":0,"24":0,"25":2,"26":2,"27":12,"28":12,"29":12,"30":12,"31":12,"32":12,"33":1,"34":1,"35":1,"36":1,"37":1,"38":1,"39":0,"40":1,"41":0,"42":0,"43":0,"44":0,"45":0,"46":0,"47":0,"48":0,"49":0,"50":0,"51":0,"52":0,"53":0,"54":0,"55":0,"56":0,"57":0,"58":0,"59":0,"60":0,"61":0,"62":0,"63":0,"64":0,"65":0,"66":0,"67":0,"68":0,"69":0,"70":0,"71":0,"72":0,"73":0,"74":0,"75":0,"76":0,"77":0,"78":0,"79":0,"80":0,"81":0,"82":0,"83":0,"84":0,"85":0,"86":0,"87":0,"88":0,"89":0,"90":0,"91":0,"92":0,"93":0,"94":0,"95":0,"96":0,"97":0,"98":0,"99":0,"100":0,"101":0,"102":0,"103":0,"104":0,"105":0,"106":0,"107":0,"108":0,"109":0,"110":0,"111":0,"112":0,"113":0,"114":0,"115":0,"116":0,"117":0,"118":0,"119":0,"120":0,"121":0,"122":0,"123":0,"124":1,"125":0,"126":0,"127":0,"128":0,"129":0,"130":0,"131":0,"132":0,"133":0,"134":0,"135":0,"136":0,"137":0,"138":0,"139":1,"140":0,"141":0,"142":0,"143":0,"144":0,"145":0,"146":0,"147":0,"148":0,"149":0,"150":0,"151":0,"152":0,"153":0,"154":0,"155":0,"156":0,"157":0,"158":0,"159":0,"160":0,"161":0,"162":0,"163":0,"164":0,"165":0,"166":0,"167":0,"168":0,"169":0,"170":0,"171":0,"172":0,"173":0,"174":0,"175":0,"176":0,"177":0,"178":0,"179":0,"180":0,"181":0,"182":0,"183":0,"184":0,"185":0,"186":0,"187":0,"188":0,"189":0,"190":0,"191":0,"192":0,"193":0,"194":0,"195":0,"196":0,"197":0,"198":0,"199":0,"200":0,"201":0,"202":0,"203":0,"204":0,"205":0,"206":0,"207":0,"208":0,"209":0,"210":0,"211":0,"212":0,"213":0,"214":0,"215":0,"216":0,"217":0,"218":0,"219":0,"220":0,"221":0,"222":0,"223":0,"224":0,"225":0,"226":0,"227":0,"228":0,"229":0,"230":0,"231":0,"232":0,"233":0,"234":0,"235":0,"236":1,"237":1,"238":1,"239":0,"240":0,"241":1},"f":{"0":3,"1":0,"2":1,"3":0,"4":0,"5":0,"6":0,"7":0,"8":2,"9":1,"10":1,"11":0,"12":0,"13":0,"14":0,"15":0,"16":0,"17":0,"18":0,"19":0,"20":0,"21":0,"22":0,"23":0,"24":0,"25":1,"26":0,"27":0,"28":0,"29":0,"30":0,"31":0,"32":0,"33":0,"34":0,"35":0,"36":0,"37":0,"38":0,"39":0,"40":0,"41":0},"b":{"0":[3,0],"1":[3,3],"2":[0,0],"3":[0,0],"4":[12,12],"5":[12,0],"6":[1,0],"7":[1,0],"8":[0,0],"9":[0,0],"10":[0,0],"11":[0,0],"12":[0,0],"13":[0,0,0],"14":[0,0],"15":[0,0],"16":[0,0],"17":[0,0],"18":[0,0],"19":[0,0],"20":[0,0],"21":[0,0],"22":[0,0],"23":[0,0],"24":[0,0],"25":[0,0],"26":[0,0,0],"27":[0,0],"28":[0,0],"29":[0,0],"30":[0,0],"31":[0,0],"32":[0,0],"33":[0,0],"34":[0,0],"35":[0,0],"36":[0,0],"37":[0,0],"38":[0,0],"39":[0,0],"40":[0,0],"41":[0,0],"42":[0,0],"43":[0,0],"44":[0,0],"45":[0,0],"46":[0,0],"47":[0,0],"48":[0,0]},"_coverageSchema":"43e27e138ebf9cfc5966b082cf9a028302ed4184","hash":"31f4d752a78419dd1e98fa59cbede58a58fbf140","contentHash":"569ae44f7fbaae3edc58276da0ddb4c327b946f84205d80c8f3e32132bd3d382"}}